#
# There is insufficient memory for the Java Runtime Environment to continue.
# Native memory allocation (mmap) failed to map 46137344 bytes for committing reserved memory.
# Possible reasons:
#   The system is out of physical RAM or swap space
#   In 32 bit mode, the process size limit was hit
# Possible solutions:
#   Reduce memory load on the system
#   Increase physical memory or swap space
#   Check if swap backing store is full
#   Use 64 bit Java on a 64 bit OS
#   Decrease Java heap size (-Xmx/-Xms)
#   Decrease number of Java threads
#   Decrease Java thread stack sizes (-Xss)
#   Set larger code cache with -XX:ReservedCodeCacheSize=
# This output file may be truncated or incomplete.
#
#  Out of Memory Error (os_linux.cpp:2627), pid=8697, tid=140053851629312
#
# JRE version: Java(TM) SE Runtime Environment (8.0_74-b02) (build 1.8.0_74-b02)
# Java VM: Java HotSpot(TM) 64-Bit Server VM (25.74-b02 mixed mode linux-amd64 compressed oops)
# Failed to write core dump. Core dumps have been disabled. To enable core dumping, try "ulimit -c unlimited" before starting Java again
#

---------------  T H R E A D  ---------------

Current thread (0x00007f60d007e000):  VMThread [stack: 0x00007f60d4036000,0x00007f60d4137000] [id=8707]

Stack: [0x00007f60d4036000,0x00007f60d4137000],  sp=0x00007f60d41350a0,  free space=1020k
Native frames: (J=compiled Java code, j=interpreted, Vv=VM code, C=native code)
V  [libjvm.so+0xaba7ea]  VMError::report_and_die()+0x2ba
V  [libjvm.so+0x4f9e3b]  report_vm_out_of_memory(char const*, int, unsigned long, VMErrorType, char const*)+0x8b
V  [libjvm.so+0x91b613]  os::Linux::commit_memory_impl(char*, unsigned long, bool)+0x103
V  [libjvm.so+0x91bb69]  os::pd_commit_memory(char*, unsigned long, unsigned long, bool)+0x29
V  [libjvm.so+0x915e6a]  os::commit_memory(char*, unsigned long, unsigned long, bool)+0x2a
V  [libjvm.so+0x989543]  PSVirtualSpace::expand_by(unsigned long)+0x53
V  [libjvm.so+0x98a948]  PSYoungGen::resize_generation(unsigned long, unsigned long)+0xf8
V  [libjvm.so+0x989aa2]  PSYoungGen::resize(unsigned long, unsigned long)+0x22
V  [libjvm.so+0x986d7b]  PSScavenge::invoke_no_policy()+0xf3b
V  [libjvm.so+0x987501]  PSScavenge::invoke()+0x41
V  [libjvm.so+0x93f300]  ParallelScavengeHeap::failed_mem_allocate(unsigned long)+0x70
V  [libjvm.so+0xabc207]  VM_ParallelGCFailedAllocation::doit()+0x97
V  [libjvm.so+0xac3c35]  VM_Operation::evaluate()+0x55
V  [libjvm.so+0xac200a]  VMThread::evaluate_operation(VM_Operation*)+0xba
V  [libjvm.so+0xac238e]  VMThread::loop()+0x1ce
V  [libjvm.so+0xac2800]  VMThread::run()+0x70
V  [libjvm.so+0x91d9d8]  java_start(Thread*)+0x108

VM_Operation (0x00007f60adfd5730): ParallelGCFailedAllocation, mode: safepoint, requested by thread 0x00007f60d0571800


---------------  P R O C E S S  ---------------

Java Threads: ( => current thread )
  0x00007f60d0571800 JavaThread "background-preinit" [_thread_blocked, id=8720, stack(0x00007f60aded8000,0x00007f60adfd9000)]
  0x00007f60d00c6800 JavaThread "Service Thread" daemon [_thread_blocked, id=8714, stack(0x00007f60c05aa000,0x00007f60c06ab000)]
  0x00007f60d00c3800 JavaThread "C1 CompilerThread2" daemon [_thread_blocked, id=8713, stack(0x00007f60c06ab000,0x00007f60c07ac000)]
  0x00007f60d00c1800 JavaThread "C2 CompilerThread1" daemon [_thread_in_native, id=8712, stack(0x00007f60c07ac000,0x00007f60c08ad000)]
  0x00007f60d00be800 JavaThread "C2 CompilerThread0" daemon [_thread_blocked, id=8711, stack(0x00007f60c08ad000,0x00007f60c09ae000)]
  0x00007f60d00bd000 JavaThread "Signal Dispatcher" daemon [_thread_blocked, id=8710, stack(0x00007f60c09ae000,0x00007f60c0aaf000)]
  0x00007f60d008a800 JavaThread "Finalizer" daemon [_thread_blocked, id=8709, stack(0x00007f60c0dfe000,0x00007f60c0eff000)]
  0x00007f60d0086000 JavaThread "Reference Handler" daemon [_thread_blocked, id=8708, stack(0x00007f60c0eff000,0x00007f60c1000000)]
  0x00007f60d0010800 JavaThread "main" [_thread_blocked, id=8702, stack(0x00007f60d9653000,0x00007f60d9754000)]

Other Threads:
=>0x00007f60d007e000 VMThread [stack: 0x00007f60d4036000,0x00007f60d4137000] [id=8707]
  0x00007f60d00c9800 WatcherThread [stack: 0x00007f60c04a9000,0x00007f60c05aa000] [id=8715]

VM state:at safepoint (normal execution)

VM Mutex/Monitor currently owned by a thread:  ([mutex/lock_event])
[0x00007f60d000ca30] Threads_lock - owner thread: 0x00007f60d007e000
[0x00007f60d000cf30] Heap_lock - owner thread: 0x00007f60d0571800

Heap:
 PSYoungGen      total 34304K, used 2559K [0x00000000ebf80000, 0x00000000ee380000, 0x0000000100000000)
  eden space 31744K, 0% used [0x00000000ebf80000,0x00000000ebf80000,0x00000000ede80000)
  from space 2560K, 99% used [0x00000000ede80000,0x00000000ee0ffe90,0x00000000ee100000)
  to   space 2560K, 0% used [0x00000000ee100000,0x00000000ee100000,0x00000000ee380000)
 ParOldGen       total 42496K, used 13186K [0x00000000c3e00000, 0x00000000c6780000, 0x00000000ebf80000)
  object space 42496K, 31% used [0x00000000c3e00000,0x00000000c4ae0800,0x00000000c6780000)
 Metaspace       used 17735K, capacity 17988K, committed 18048K, reserved 1064960K
  class space    used 2124K, capacity 2156K, committed 2176K, reserved 1048576K

Card table byte_map: [0x00007f60d625f000,0x00007f60d6441000] byte_map_base: 0x00007f60d5c40000

Marking Bits: (ParMarkBitMap*) 0x00007f60d8b56260
 Begin Bits: [0x00007f60ae1f0000, 0x00007f60af0f8000)
 End Bits:   [0x00007f60af0f8000, 0x00007f60b0000000)

Polling page: 0x00007f60d9775000

CodeCache: size=245760Kb used=4992Kb max_used=4992Kb free=240767Kb
 bounds [0x00007f60c1000000, 0x00007f60c14f0000, 0x00007f60d0000000]
 total_blobs=1666 nmethods=1340 adapters=239
 compilation: enabled

Compilation events (10 events):
Event: 3.290 Thread 0x00007f60d00c3800 nmethod 1351 0x00007f60c14d6bd0 code [0x00007f60c14d6d80, 0x00007f60c14d7408]
Event: 3.290 Thread 0x00007f60d00c3800 1350       3       org.apache.tomcat.util.digester.RulesBase::lookup (104 bytes)
Event: 3.291 Thread 0x00007f60d00c3800 nmethod 1350 0x00007f60c14df550 code [0x00007f60c14df7c0, 0x00007f60c14e0998]
Event: 3.291 Thread 0x00007f60d00c3800 1352   !   3       com.sun.org.apache.xerces.internal.parsers.AbstractSAXParser::endElement (108 bytes)
Event: 3.295 Thread 0x00007f60d00c3800 nmethod 1352 0x00007f60c14d6190 code [0x00007f60c14d6340, 0x00007f60c14d6938]
Event: 3.295 Thread 0x00007f60d00c3800 1357       3       com.sun.org.apache.xerces.internal.impl.XMLEntityScanner::scanName (382 bytes)
Event: 3.297 Thread 0x00007f60d00c3800 nmethod 1357 0x00007f60c14e1150 code [0x00007f60c14e13c0, 0x00007f60c14e2188]
Event: 3.297 Thread 0x00007f60d00c3800 1325   !   3       com.sun.org.apache.xerces.internal.parsers.AbstractSAXParser::startElement (318 bytes)
Event: 3.299 Thread 0x00007f60d00c3800 nmethod 1325 0x00007f60c14e2990 code [0x00007f60c14e2c20, 0x00007f60c14e3e78]
Event: 3.299 Thread 0x00007f60d00c3800 1358 %     3       com.sun.org.apache.xerces.internal.impl.io.UTF8Reader::read @ 113 (1443 bytes)

GC Heap History (9 events):
Event: 1.013 GC heap before
{Heap before GC invocations=1 (full 0):
 PSYoungGen      total 18432K, used 15872K [0x00000000ebf80000, 0x00000000ed400000, 0x0000000100000000)
  eden space 15872K, 100% used [0x00000000ebf80000,0x00000000ecf00000,0x00000000ecf00000)
  from space 2560K, 0% used [0x00000000ed180000,0x00000000ed180000,0x00000000ed400000)
  to   space 2560K, 0% used [0x00000000ecf00000,0x00000000ecf00000,0x00000000ed180000)
 ParOldGen       total 42496K, used 0K [0x00000000c3e00000, 0x00000000c6780000, 0x00000000ebf80000)
  object space 42496K, 0% used [0x00000000c3e00000,0x00000000c3e00000,0x00000000c6780000)
 Metaspace       used 5957K, capacity 6086K, committed 6144K, reserved 1056768K
  class space    used 692K, capacity 727K, committed 768K, reserved 1048576K
Event: 1.020 GC heap after
Heap after GC invocations=1 (full 0):
 PSYoungGen      total 18432K, used 2554K [0x00000000ebf80000, 0x00000000ed400000, 0x0000000100000000)
  eden space 15872K, 0% used [0x00000000ebf80000,0x00000000ebf80000,0x00000000ecf00000)
  from space 2560K, 99% used [0x00000000ecf00000,0x00000000ed17e848,0x00000000ed180000)
  to   space 2560K, 0% used [0x00000000ed180000,0x00000000ed180000,0x00000000ed400000)
 ParOldGen       total 42496K, used 447K [0x00000000c3e00000, 0x00000000c6780000, 0x00000000ebf80000)
  object space 42496K, 1% used [0x00000000c3e00000,0x00000000c3e6fc48,0x00000000c6780000)
 Metaspace       used 5957K, capacity 6086K, committed 6144K, reserved 1056768K
  class space    used 692K, capacity 727K, committed 768K, reserved 1048576K
}
Event: 1.485 GC heap before
{Heap before GC invocations=2 (full 0):
 PSYoungGen      total 18432K, used 18426K [0x00000000ebf80000, 0x00000000ed400000, 0x0000000100000000)
  eden space 15872K, 100% used [0x00000000ebf80000,0x00000000ecf00000,0x00000000ecf00000)
  from space 2560K, 99% used [0x00000000ecf00000,0x00000000ed17e848,0x00000000ed180000)
  to   space 2560K, 0% used [0x00000000ed180000,0x00000000ed180000,0x00000000ed400000)
 ParOldGen       total 42496K, used 447K [0x00000000c3e00000, 0x00000000c6780000, 0x00000000ebf80000)
  object space 42496K, 1% used [0x00000000c3e00000,0x00000000c3e6fc48,0x00000000c6780000)
 Metaspace       used 7846K, capacity 8012K, committed 8192K, reserved 1056768K
  class space    used 941K, capacity 984K, committed 1024K, reserved 1048576K
Event: 1.494 GC heap after
Heap after GC invocations=2 (full 0):
 PSYoungGen      total 18432K, used 2531K [0x00000000ebf80000, 0x00000000ee380000, 0x0000000100000000)
  eden space 15872K, 0% used [0x00000000ebf80000,0x00000000ebf80000,0x00000000ecf00000)
  from space 2560K, 98% used [0x00000000ed180000,0x00000000ed3f8c00,0x00000000ed400000)
  to   space 2560K, 0% used [0x00000000ecf00000,0x00000000ecf00000,0x00000000ed180000)
 ParOldGen       total 42496K, used 918K [0x00000000c3e00000, 0x00000000c6780000, 0x00000000ebf80000)
  object space 42496K, 2% used [0x00000000c3e00000,0x00000000c3ee5bb8,0x00000000c6780000)
 Metaspace       used 7846K, capacity 8012K, committed 8192K, reserved 1056768K
  class space    used 941K, capacity 984K, committed 1024K, reserved 1048576K
}
Event: 1.960 GC heap before
{Heap before GC invocations=3 (full 0):
 PSYoungGen      total 18432K, used 18403K [0x00000000ebf80000, 0x00000000ee380000, 0x0000000100000000)
  eden space 15872K, 100% used [0x00000000ebf80000,0x00000000ecf00000,0x00000000ecf00000)
  from space 2560K, 98% used [0x00000000ed180000,0x00000000ed3f8c00,0x00000000ed400000)
  to   space 2560K, 0% used [0x00000000ecf00000,0x00000000ecf00000,0x00000000ed180000)
 ParOldGen       total 42496K, used 918K [0x00000000c3e00000, 0x00000000c6780000, 0x00000000ebf80000)
  object space 42496K, 2% used [0x00000000c3e00000,0x00000000c3ee5bb8,0x00000000c6780000)
 Metaspace       used 10051K, capacity 10188K, committed 10368K, reserved 1058816K
  class space    used 1264K, capacity 1304K, committed 1408K, reserved 1048576K
Event: 1.986 GC heap after
Heap after GC invocations=3 (full 0):
 PSYoungGen      total 18432K, used 2554K [0x00000000ebf80000, 0x00000000ee380000, 0x0000000100000000)
  eden space 15872K, 0% used [0x00000000ebf80000,0x00000000ebf80000,0x00000000ecf00000)
  from space 2560K, 99% used [0x00000000ecf00000,0x00000000ed17eaf8,0x00000000ed180000)
  to   space 2560K, 0% used [0x00000000ee100000,0x00000000ee100000,0x00000000ee380000)
 ParOldGen       total 42496K, used 3931K [0x00000000c3e00000, 0x00000000c6780000, 0x00000000ebf80000)
  object space 42496K, 9% used [0x00000000c3e00000,0x00000000c41d6ca0,0x00000000c6780000)
 Metaspace       used 10051K, capacity 10188K, committed 10368K, reserved 1058816K
  class space    used 1264K, capacity 1304K, committed 1408K, reserved 1048576K
}
Event: 2.465 GC heap before
{Heap before GC invocations=4 (full 0):
 PSYoungGen      total 18432K, used 18426K [0x00000000ebf80000, 0x00000000ee380000, 0x0000000100000000)
  eden space 15872K, 100% used [0x00000000ebf80000,0x00000000ecf00000,0x00000000ecf00000)
  from space 2560K, 99% used [0x00000000ecf00000,0x00000000ed17eaf8,0x00000000ed180000)
  to   space 2560K, 0% used [0x00000000ee100000,0x00000000ee100000,0x00000000ee380000)
 ParOldGen       total 42496K, used 3931K [0x00000000c3e00000, 0x00000000c6780000, 0x00000000ebf80000)
  object space 42496K, 9% used [0x00000000c3e00000,0x00000000c41d6ca0,0x00000000c6780000)
 Metaspace       used 12633K, capacity 12780K, committed 12928K, reserved 1060864K
  class space    used 1573K, capacity 1592K, committed 1664K, reserved 1048576K
Event: 2.490 GC heap after
Heap after GC invocations=4 (full 0):
 PSYoungGen      total 34304K, used 2541K [0x00000000ebf80000, 0x00000000ee380000, 0x0000000100000000)
  eden space 31744K, 0% used [0x00000000ebf80000,0x00000000ebf80000,0x00000000ede80000)
  from space 2560K, 99% used [0x00000000ee100000,0x00000000ee37b538,0x00000000ee380000)
  to   space 2560K, 0% used [0x00000000ede80000,0x00000000ede80000,0x00000000ee100000)
 ParOldGen       total 42496K, used 8044K [0x00000000c3e00000, 0x00000000c6780000, 0x00000000ebf80000)
  object space 42496K, 18% used [0x00000000c3e00000,0x00000000c45db380,0x00000000c6780000)
 Metaspace       used 12633K, capacity 12780K, committed 12928K, reserved 1060864K
  class space    used 1573K, capacity 1592K, committed 1664K, reserved 1048576K
}
Event: 3.306 GC heap before
{Heap before GC invocations=5 (full 0):
 PSYoungGen      total 34304K, used 34285K [0x00000000ebf80000, 0x00000000ee380000, 0x0000000100000000)
  eden space 31744K, 100% used [0x00000000ebf80000,0x00000000ede80000,0x00000000ede80000)
  from space 2560K, 99% used [0x00000000ee100000,0x00000000ee37b538,0x00000000ee380000)
  to   space 2560K, 0% used [0x00000000ede80000,0x00000000ede80000,0x00000000ee100000)
 ParOldGen       total 42496K, used 8044K [0x00000000c3e00000, 0x00000000c6780000, 0x00000000ebf80000)
  object space 42496K, 18% used [0x00000000c3e00000,0x00000000c45db380,0x00000000c6780000)
 Metaspace       used 17735K, capacity 17988K, committed 18048K, reserved 1064960K
  class space    used 2124K, capacity 2156K, committed 2176K, reserved 1048576K

Deoptimization events (10 events):
Event: 2.841 Thread 0x00007f60d0571800 Uncommon trap: reason=unstable_if action=reinterpret pc=0x00007f60c1278178 method=java.util.Properties$LineReader.readLine()I @ 252
Event: 2.896 Thread 0x00007f60d0010800 Uncommon trap: reason=bimorphic action=maybe_recompile pc=0x00007f60c12e223c method=java.util.HashMap.putVal(ILjava/lang/Object;Ljava/lang/Object;ZZ)Ljava/lang/Object; @ 253
Event: 2.951 Thread 0x00007f60d0010800 Uncommon trap: reason=bimorphic action=maybe_recompile pc=0x00007f60c12e223c method=java.util.HashMap.putVal(ILjava/lang/Object;Ljava/lang/Object;ZZ)Ljava/lang/Object; @ 253
Event: 2.967 Thread 0x00007f60d0010800 Uncommon trap: reason=bimorphic action=maybe_recompile pc=0x00007f60c12e223c method=java.util.HashMap.putVal(ILjava/lang/Object;Ljava/lang/Object;ZZ)Ljava/lang/Object; @ 253
Event: 2.968 Thread 0x00007f60d0010800 Uncommon trap: reason=bimorphic action=maybe_recompile pc=0x00007f60c12e223c method=java.util.HashMap.putVal(ILjava/lang/Object;Ljava/lang/Object;ZZ)Ljava/lang/Object; @ 253
Event: 3.019 Thread 0x00007f60d0010800 Uncommon trap: reason=unstable_if action=reinterpret pc=0x00007f60c13491e8 method=java.util.HashMap.hash(Ljava/lang/Object;)I @ 1
Event: 3.101 Thread 0x00007f60d0571800 Uncommon trap: reason=unstable_if action=reinterpret pc=0x00007f60c145c488 method=com.sun.org.apache.xerces.internal.impl.XMLEntityScanner.scanLiteral(ILcom/sun/org/apache/xerces/internal/xni/XMLString;)I @ 563
Event: 3.210 Thread 0x00007f60d0571800 Uncommon trap: reason=unstable_if action=reinterpret pc=0x00007f60c145970c method=com.sun.org.apache.xerces.internal.impl.XMLEntityScanner.skipSpaces()Z @ 115
Event: 3.284 Thread 0x00007f60d0571800 Uncommon trap: reason=unstable_if action=reinterpret pc=0x00007f60c14a0158 method=com.sun.org.apache.xerces.internal.util.SymbolTable.addSymbol([CII)Ljava/lang/String; @ 38
Event: 3.290 Thread 0x00007f60d0571800 Uncommon trap: reason=unstable_if action=reinterpret pc=0x00007f60c14d80e0 method=com.sun.org.apache.xerces.internal.util.SymbolTable.addSymbol([CII)Ljava/lang/String; @ 38

Internal exceptions (10 events):
Event: 2.876 Thread 0x00007f60d0010800 Exception <a 'java/lang/ClassNotFoundException': org/springframework/beans/factory/groovy/GroovyBeanDefinitionReaderCustomizer> (0x00000000ed25bf90) thrown at [/HUDSON3/workspace/8-2-build-linux-amd64/jdk8u74/6087/hotspot/src/share/vm/classfile/systemDict
Event: 3.006 Thread 0x00007f60d0010800 Exception <a 'java/lang/NoSuchMethodError': org.slf4j.impl.StaticMDCBinder.getSingleton()Lorg/slf4j/impl/StaticMDCBinder;> (0x00000000ed4d53c8) thrown at [/HUDSON3/workspace/8-2-build-linux-amd64/jdk8u74/6087/hotspot/src/share/vm/interpreter/linkResolver.
Event: 3.019 Thread 0x00007f60d0010800 Implicit null exception at 0x00007f60c1348ff5 to 0x00007f60c13491d9
Event: 3.125 Thread 0x00007f60d0010800 Exception <a 'java/lang/ClassNotFoundException': java/lang/ObjectCustomizer> (0x00000000ed8bab50) thrown at [/HUDSON3/workspace/8-2-build-linux-amd64/jdk8u74/6087/hotspot/src/share/vm/classfile/systemDictionary.cpp, line 210]
Event: 3.127 Thread 0x00007f60d0010800 Exception <a 'java/lang/ClassNotFoundException': org/springframework/context/annotation/ConfigurationClassPostProcessorCustomizer> (0x00000000ed8e9ac0) thrown at [/HUDSON3/workspace/8-2-build-linux-amd64/jdk8u74/6087/hotspot/src/share/vm/classfile/systemD
Event: 3.131 Thread 0x00007f60d0010800 Exception <a 'java/lang/ClassNotFoundException': org/springframework/beans/factory/support/BeanDefinitionRegistryPostProcessorCustomizer> (0x00000000ed96a4a8) thrown at [/HUDSON3/workspace/8-2-build-linux-amd64/jdk8u74/6087/hotspot/src/share/vm/classfile/
Event: 3.131 Thread 0x00007f60d0010800 Exception <a 'java/lang/ClassNotFoundException': org/springframework/core/PriorityOrderedCustomizer> (0x00000000ed989858) thrown at [/HUDSON3/workspace/8-2-build-linux-amd64/jdk8u74/6087/hotspot/src/share/vm/classfile/systemDictionary.cpp, line 210]
Event: 3.132 Thread 0x00007f60d0010800 Exception <a 'java/lang/ClassNotFoundException': org/springframework/context/ResourceLoaderAwareCustomizer> (0x00000000ed9aade0) thrown at [/HUDSON3/workspace/8-2-build-linux-amd64/jdk8u74/6087/hotspot/src/share/vm/classfile/systemDictionary.cpp, line 210
Event: 3.133 Thread 0x00007f60d0010800 Exception <a 'java/lang/ClassNotFoundException': org/springframework/beans/factory/BeanClassLoaderAwareCustomizer> (0x00000000ed9d1018) thrown at [/HUDSON3/workspace/8-2-build-linux-amd64/jdk8u74/6087/hotspot/src/share/vm/classfile/systemDictionary.cpp, l
Event: 3.134 Thread 0x00007f60d0010800 Exception <a 'java/lang/ClassNotFoundException': org/springframework/context/EnvironmentAwareCustomizer> (0x00000000ed9f26e0) thrown at [/HUDSON3/workspace/8-2-build-linux-amd64/jdk8u74/6087/hotspot/src/share/vm/classfile/systemDictionary.cpp, line 210]

Events (10 events):
Event: 3.293 loading class org/springframework/asm/Label done
Event: 3.294 loading class org/springframework/asm/ClassWriter
Event: 3.294 loading class org/springframework/asm/ClassWriter done
Event: 3.296 loading class org/springframework/asm/AnnotationWriter
Event: 3.296 loading class org/springframework/asm/AnnotationWriter done
Event: 3.296 loading class org/springframework/asm/FieldWriter
Event: 3.296 loading class org/springframework/asm/FieldWriter done
Event: 3.300 loading class org/springframework/core/type/filter/AssignableTypeFilter
Event: 3.300 loading class org/springframework/core/type/filter/AssignableTypeFilter done
Event: 3.304 Executing VM operation: ParallelGCFailedAllocation


Dynamic libraries:
00400000-00401000 r-xp 00000000 08:05 533677                             /usr/lib/jvm/java-8-oracle/bin/java
00600000-00601000 rw-p 00000000 08:05 533677                             /usr/lib/jvm/java-8-oracle/bin/java
01a6e000-01a8f000 rw-p 00000000 00:00 0                                  [heap]
c3e00000-c6780000 rw-p 00000000 00:00 0 
c6780000-ebf80000 ---p 00000000 00:00 0 
ebf80000-ee380000 rw-p 00000000 00:00 0 
f0f80000-100000000 ---p 00000000 00:00 0 
100000000-100220000 rw-p 00000000 00:00 0 
100220000-140000000 ---p 00000000 00:00 0 
7f6080000000-7f6080392000 rw-p 00000000 00:00 0 
7f6080392000-7f6084000000 ---p 00000000 00:00 0 
7f6084fff000-7f6088000000 rw-p 00000000 00:00 0 
7f6088000000-7f6088021000 rw-p 00000000 00:00 0 
7f6088021000-7f608c000000 ---p 00000000 00:00 0 
7f608c000000-7f608c021000 rw-p 00000000 00:00 0 
7f608c021000-7f6090000000 ---p 00000000 00:00 0 
7f6090000000-7f60908e5000 rw-p 00000000 00:00 0 
7f60908e5000-7f6094000000 ---p 00000000 00:00 0 
7f6094000000-7f609468d000 rw-p 00000000 00:00 0 
7f609468d000-7f6098000000 ---p 00000000 00:00 0 
7f6098000000-7f6098021000 rw-p 00000000 00:00 0 
7f6098021000-7f609c000000 ---p 00000000 00:00 0 
7f609c000000-7f609c460000 rw-p 00000000 00:00 0 
7f609c460000-7f60a0000000 ---p 00000000 00:00 0 
7f60a0000000-7f60a0021000 rw-p 00000000 00:00 0 
7f60a0021000-7f60a4000000 ---p 00000000 00:00 0 
7f60a4000000-7f60a4021000 rw-p 00000000 00:00 0 
7f60a4021000-7f60a8000000 ---p 00000000 00:00 0 
7f60a8000000-7f60a828c000 rw-p 00000000 00:00 0 
7f60a828c000-7f60ac000000 ---p 00000000 00:00 0 
7f60ad0b2000-7f60ad232000 rw-p 00000000 00:00 0 
7f60ad232000-7f60ad2b2000 ---p 00000000 00:00 0 
7f60ad2b2000-7f60ad4b2000 rw-p 00000000 00:00 0 
7f60ad4b2000-7f60ad6b2000 rw-p 00000000 00:00 0 
7f60ad6b2000-7f60ad8b2000 rw-p 00000000 00:00 0 
7f60ad8b2000-7f60ad8bb000 r-xp 00000000 08:05 533871                     /usr/lib/jvm/java-8-oracle/jre/lib/amd64/libmanagement.so
7f60ad8bb000-7f60adaba000 ---p 00009000 08:05 533871                     /usr/lib/jvm/java-8-oracle/jre/lib/amd64/libmanagement.so
7f60adaba000-7f60adabb000 rw-p 00008000 08:05 533871                     /usr/lib/jvm/java-8-oracle/jre/lib/amd64/libmanagement.so
7f60adabb000-7f60adacf000 r-xp 00000000 08:05 528358                     /lib/x86_64-linux-gnu/libresolv-2.24.so
7f60adacf000-7f60adcce000 ---p 00014000 08:05 528358                     /lib/x86_64-linux-gnu/libresolv-2.24.so
7f60adcce000-7f60adccf000 r--p 00013000 08:05 528358                     /lib/x86_64-linux-gnu/libresolv-2.24.so
7f60adccf000-7f60adcd0000 rw-p 00014000 08:05 528358                     /lib/x86_64-linux-gnu/libresolv-2.24.so
7f60adcd0000-7f60adcd2000 rw-p 00000000 00:00 0 
7f60adcd2000-7f60adcd7000 r-xp 00000000 08:05 528305                     /lib/x86_64-linux-gnu/libnss_dns-2.24.so
7f60adcd7000-7f60aded6000 ---p 00005000 08:05 528305                     /lib/x86_64-linux-gnu/libnss_dns-2.24.so
7f60aded6000-7f60aded7000 r--p 00004000 08:05 528305                     /lib/x86_64-linux-gnu/libnss_dns-2.24.so
7f60aded7000-7f60aded8000 rw-p 00005000 08:05 528305                     /lib/x86_64-linux-gnu/libnss_dns-2.24.so
7f60aded8000-7f60adedb000 ---p 00000000 00:00 0 
7f60adedb000-7f60adfd9000 rw-p 00000000 00:00 0 
7f60adfd9000-7f60adfef000 r-xp 00000000 08:05 533837                     /usr/lib/jvm/java-8-oracle/jre/lib/amd64/libnet.so
7f60adfef000-7f60ae1ef000 ---p 00016000 08:05 533837                     /usr/lib/jvm/java-8-oracle/jre/lib/amd64/libnet.so
7f60ae1ef000-7f60ae1f0000 rw-p 00016000 08:05 533837                     /usr/lib/jvm/java-8-oracle/jre/lib/amd64/libnet.so
7f60ae1f0000-7f60b0000000 rw-p 00000000 00:00 0 
7f60b0000000-7f60b0021000 rw-p 00000000 00:00 0 
7f60b0021000-7f60b4000000 ---p 00000000 00:00 0 
7f60b4000000-7f60b4021000 rw-p 00000000 00:00 0 
7f60b4021000-7f60b8000000 ---p 00000000 00:00 0 
7f60b8000000-7f60b8021000 rw-p 00000000 00:00 0 
7f60b8021000-7f60bc000000 ---p 00000000 00:00 0 
7f60bc000000-7f60bc021000 rw-p 00000000 00:00 0 
7f60bc021000-7f60c0000000 ---p 00000000 00:00 0 
7f60c00e9000-7f60c00ef000 r--s 002f8000 08:05 533704                     /usr/lib/jvm/java-8-oracle/jre/lib/charsets.jar
7f60c00ef000-7f60c00f9000 r--s 00116000 08:05 533908                     /usr/lib/jvm/java-8-oracle/jre/lib/ext/localedata.jar
7f60c00f9000-7f60c0100000 r--s 00000000 08:05 2756653                    /usr/lib/x86_64-linux-gnu/gconv/gconv-modules.cache
7f60c0100000-7f60c0122000 r--p 00000000 08:05 919372                     /usr/share/locale/zh_CN/LC_MESSAGES/libc.mo
7f60c0122000-7f60c016c000 r--s 002f4000 08:05 1444398                    /home/tianyuan/.m2/repository/org/bouncycastle/bcprov-jdk15on/1.55/bcprov-jdk15on-1.55.jar
7f60c016c000-7f60c017d000 r--s 00096000 08:05 1444396                    /home/tianyuan/.m2/repository/org/bouncycastle/bcpkix-jdk15on/1.55/bcpkix-jdk15on-1.55.jar
7f60c017d000-7f60c017f000 r--s 00007000 08:05 1444013                    /home/tianyuan/.m2/repository/org/springframework/security/spring-security-jwt/1.0.7.RELEASE/spring-security-jwt-1.0.7.RELEASE.jar
7f60c017f000-7f60c0181000 r--s 00005000 08:05 1444005                    /home/tianyuan/.m2/repository/org/springframework/cloud/spring-cloud-security/1.2.0.RELEASE/spring-cloud-security-1.2.0.RELEASE.jar
7f60c0181000-7f60c0182000 r--s 00000000 08:05 1444003                    /home/tianyuan/.m2/repository/org/springframework/cloud/spring-cloud-starter-security/1.2.0.RELEASE/spring-cloud-starter-security-1.2.0.RELEASE.jar
7f60c0182000-7f60c0183000 r--s 00000000 08:05 1444001                    /home/tianyuan/.m2/repository/org/springframework/cloud/spring-cloud-starter-oauth2/1.2.0.RELEASE/spring-cloud-starter-oauth2-1.2.0.RELEASE.jar
7f60c0183000-7f60c019b000 r--s 000fd000 08:05 1974005                    /home/tianyuan/.m2/repository/io/reactivex/rxjava/1.1.10/rxjava-1.1.10.jar
7f60c019b000-7f60c019d000 r--s 00002000 08:05 1443595                    /home/tianyuan/.m2/repository/com/netflix/netflix-commons/netflix-statistics/0.1.1/netflix-statistics-0.1.1.jar
7f60c019d000-7f60c01a1000 r--s 00024000 08:05 1443593                    /home/tianyuan/.m2/repository/com/netflix/ribbon/ribbon-loadbalancer/2.2.2/ribbon-loadbalancer-2.2.2.jar
7f60c01a1000-7f60c01a2000 r--s 00001000 08:05 1443591                    /home/tianyuan/.m2/repository/com/netflix/netflix-commons/netflix-commons-util/0.1.1/netflix-commons-util-0.1.1.jar
7f60c01a2000-7f60c01a6000 r--s 00027000 08:05 1443559                    /home/tianyuan/.m2/repository/com/netflix/servo/servo-internal/0.10.1/servo-internal-0.10.1.jar
7f60c01a6000-7f60c01ab000 r--s 00032000 08:05 1443557                    /home/tianyuan/.m2/repository/com/netflix/servo/servo-core/0.10.1/servo-core-0.10.1.jar
7f60c01ab000-7f60c01ad000 r--s 00003000 08:05 1443565                    /home/tianyuan/.m2/repository/com/sun/jersey/contribs/jersey-apache-client4/1.19.1/jersey-apache-client4-1.19.1.jar
7f60c01ad000-7f60c01af000 r--s 0000a000 08:05 1443555                    /home/tianyuan/.m2/repository/javax/ws/rs/jsr311-api/1.1.1/jsr311-api-1.1.1.jar
7f60c01af000-7f60c01b9000 r--s 00061000 08:05 1443561                    /home/tianyuan/.m2/repository/com/sun/jersey/jersey-core/1.19.1/jersey-core-1.19.1.jar
7f60c01b9000-7f60c01bc000 r--s 0001e000 08:05 1443563                    /home/tianyuan/.m2/repository/com/sun/jersey/jersey-client/1.19.1/jersey-client-1.19.1.jar
7f60c01bc000-7f60c01c4000 r--s 00048000 08:05 1442596                    /home/tianyuan/.m2/repository/org/apache/httpcomponents/httpcore/4.4.6/httpcore-4.4.6.jar
7f60c01c4000-7f60c01d1000 r--s 000aa000 08:05 1442591                    /home/tianyuan/.m2/repository/org/apache/httpcomponents/httpclient/4.5.3/httpclient-4.5.3.jar
7f60c01d1000-7f60c01d3000 r--s 0000c000 08:05 1443589                    /home/tianyuan/.m2/repository/com/netflix/ribbon/ribbon-httpclient/2.2.2/ribbon-httpclient-2.2.2.jar
7f60c01d3000-7f60c01d8000 r--s 00041000 08:05 1973900                    /home/tianyuan/.m2/repository/commons-lang/commons-lang/2.6/commons-lang-2.6.jar
7f60c01d8000-7f60c01dc000 r--s 00011000 08:05 1443587                    /home/tianyuan/.m2/repository/com/netflix/ribbon/ribbon-core/2.2.2/ribbon-core-2.2.2.jar
7f60c01dc000-7f60c01e3000 r--s 00047000 08:05 1974001                    /home/tianyuan/.m2/repository/io/netty/netty-transport/4.0.27.Final/netty-transport-4.0.27.Final.jar
7f60c01e3000-7f60c01e5000 r--s 00027000 08:05 1973999                    /home/tianyuan/.m2/repository/io/netty/netty-buffer/4.0.27.Final/netty-buffer-4.0.27.Final.jar
7f60c01e5000-7f60c01ec000 r--s 00060000 08:05 1973997                    /home/tianyuan/.m2/repository/io/netty/netty-common/4.0.27.Final/netty-common-4.0.27.Final.jar
7f60c01ec000-7f60c01ee000 r--s 00016000 08:05 1973995                    /home/tianyuan/.m2/repository/io/netty/netty-transport-native-epoll/4.0.27.Final/netty-transport-native-epoll-4.0.27.Final.jar
7f60c01ee000-7f60c01f3000 r--s 00036000 08:05 1973993                    /home/tianyuan/.m2/repository/io/netty/netty-handler/4.0.27.Final/netty-handler-4.0.27.Final.jar
7f60c01f3000-7f60c01f7000 r--s 00020000 08:05 1973991                    /home/tianyuan/.m2/repository/io/netty/netty-codec/4.0.27.Final/netty-codec-4.0.27.Final.jar
7f60c01f7000-7f60c01ff000 r--s 00061000 08:05 1973989                    /home/tianyuan/.m2/repository/io/netty/netty-codec-http/4.0.27.Final/netty-codec-http-4.0.27.Final.jar
7f60c01ff000-7f60c0209000 r--s 00059000 08:05 1973906                    /home/tianyuan/.m2/repository/io/reactivex/rxnetty/0.4.9/rxnetty-0.4.9.jar
7f60c0209000-7f60c020a000 r--s 00000000 08:05 1442546                    /home/tianyuan/.m2/repository/javax/inject/javax.inject/1/javax.inject-1.jar
7f60c020a000-7f60c020c000 r--s 00006000 08:05 1973904                    /home/tianyuan/.m2/repository/io/reactivex/rxnetty-servo/0.4.9/rxnetty-servo-0.4.9.jar
7f60c020c000-7f60c020f000 r--s 0000b000 08:05 1973902                    /home/tianyuan/.m2/repository/io/reactivex/rxnetty-contexts/0.4.9/rxnetty-contexts-0.4.9.jar
7f60c020f000-7f60c0210000 r--s 00009000 08:05 1443581                    /home/tianyuan/.m2/repository/com/netflix/ribbon/ribbon-transport/2.2.2/ribbon-transport-2.2.2.jar
7f60c0210000-7f60c0214000 r--s 00012000 08:05 1443579                    /home/tianyuan/.m2/repository/com/netflix/ribbon/ribbon/2.2.2/ribbon-2.2.2.jar
7f60c0214000-7f60c0215000 r--s 00000000 08:05 1443577                    /home/tianyuan/.m2/repository/org/springframework/cloud/spring-cloud-starter-ribbon/1.3.0.RELEASE/spring-cloud-starter-ribbon-1.3.0.RELEASE.jar
7f60c0215000-7f60c021a000 r--s 0001b000 08:05 1443501                    /home/tianyuan/.m2/repository/org/springframework/retry/spring-retry/1.2.0.RELEASE/spring-retry-1.2.0.RELEASE.jar
7f60c021a000-7f60c021b000 r--s 00001000 08:05 1443499                    /home/tianyuan/.m2/repository/org/springframework/integration/spring-integration-tuple/1.0.0.RELEASE/spring-integration-tuple-1.0.0.RELEASE.jar
7f60c021b000-7f60c021d000 r--s 00009000 08:05 1315754                    /home/tianyuan/.m2/repository/org/objenesis/objenesis/2.1/objenesis-2.1.jar
7f60c021d000-7f60c021e000 r--s 00001000 08:05 1443517                    /home/tianyuan/.m2/repository/com/esotericsoftware/minlog/1.3.0/minlog-1.3.0.jar
7f60c021e000-7f60c0225000 r--s 00051000 08:05 1443515                    /home/tianyuan/.m2/repository/com/esotericsoftware/kryo-shaded/3.0.3/kryo-shaded-3.0.3.jar
7f60c0225000-7f60c0227000 r--s 00006000 08:05 1443497                    /home/tianyuan/.m2/repository/org/springframework/spring-tuple/1.0.0.RELEASE/spring-tuple-1.0.0.RELEASE.jar
7f60c0227000-7f60c022a000 r--s 0000d000 08:05 1443495                    /home/tianyuan/.m2/repository/org/springframework/integration/spring-integration-jmx/4.3.8.RELEASE/spring-integration-jmx-4.3.8.RELEASE.jar
7f60c022a000-7f60c0232000 r--s 0003a000 08:05 1443505                    /home/tianyuan/.m2/repository/org/springframework/spring-tx/4.3.7.RELEASE/spring-tx-4.3.7.RELEASE.jar
7f60c0232000-7f60c024a000 r--s 000ed000 08:05 1443503                    /home/tianyuan/.m2/repository/org/springframework/integration/spring-integration-core/4.3.8.RELEASE/spring-integration-core-4.3.8.RELEASE.jar
7f60c024a000-7f60c0253000 r--s 00055000 08:05 932300                     /home/tianyuan/.m2/repository/org/springframework/spring-messaging/4.3.7.RELEASE/spring-messaging-4.3.7.RELEASE.jar
7f60c0253000-7f60c0254000 r--s 00000000 08:05 1443493                    /home/tianyuan/.m2/repository/org/springframework/boot/spring-boot-starter-validation/1.5.2.RELEASE/spring-boot-starter-validation-1.5.2.RELEASE.jar
7f60c0254000-7f60c0264000 r--s 00077000 08:05 1442905                    /home/tianyuan/.m2/repository/org/springframework/boot/spring-boot-actuator/1.5.2.RELEASE/spring-boot-actuator-1.5.2.RELEASE.jar
7f60c0264000-7f60c0265000 r--s 00000000 08:05 1442889                    /home/tianyuan/.m2/repository/org/springframework/boot/spring-boot-starter-actuator/1.5.2.RELEASE/spring-boot-starter-actuator-1.5.2.RELEASE.jar
7f60c0265000-7f60c026a000 r--s 00028000 08:05 1443491                    /home/tianyuan/.m2/repository/org/springframework/cloud/spring-cloud-stream/1.2.1.RELEASE/spring-cloud-stream-1.2.1.RELEASE.jar
7f60c026a000-7f60c026b000 r--s 00003000 08:05 1443805                    /home/tianyuan/.m2/repository/org/springframework/cloud/spring-cloud-netflix-hystrix-stream/1.3.0.RELEASE/spring-cloud-netflix-hystrix-stream-1.3.0.RELEASE.jar
7f60c026b000-7f60c0284000 r--s 001af000 08:05 1443817                    /home/tianyuan/.m2/repository/org/aspectj/aspectjweaver/1.8.9/aspectjweaver-1.8.9.jar
7f60c0284000-7f60c0286000 r--s 0000c000 08:05 1317257                    /home/tianyuan/.m2/repository/org/ow2/asm/asm/5.0.4/asm-5.0.4.jar
7f60c0286000-7f60c028c000 r--s 00048000 08:05 1317255                    /home/tianyuan/.m2/repository/org/apache/commons/commons-lang3/3.1/commons-lang3-3.1.jar
7f60c028c000-7f60c0299000 r--s 00083000 08:05 1974003                    /home/tianyuan/.m2/repository/commons-collections/commons-collections/3.2.2/commons-collections-3.2.2.jar
7f60c0299000-7f60c029e000 r--s 00026000 08:05 1443795                    /home/tianyuan/.m2/repository/com/netflix/hystrix/hystrix-javanica/1.5.10/hystrix-javanica-1.5.10.jar
7f60c029e000-7f60c02a1000 r--s 00021000 08:05 1443793                    /home/tianyuan/.m2/repository/com/fasterxml/jackson/module/jackson-module-afterburner/2.8.7/jackson-module-afterburner-2.8.7.jar
7f60c02a1000-7f60c02a3000 r--s 00007000 08:05 1443791                    /home/tianyuan/.m2/repository/com/netflix/hystrix/hystrix-serialization/1.5.10/hystrix-serialization-1.5.10.jar
7f60c02a3000-7f60c02a5000 r--s 0000c000 08:05 1443789                    /home/tianyuan/.m2/repository/com/netflix/hystrix/hystrix-metrics-event-stream/1.5.10/hystrix-metrics-event-stream-1.5.10.jar
7f60c02a5000-7f60c02a7000 r--s 0001a000 08:05 1443585                    /home/tianyuan/.m2/repository/org/hdrhistogram/HdrHistogram/2.1.9/HdrHistogram-2.1.9.jar
7f60c02a7000-7f60c02b3000 r--s 00067000 08:05 1443583                    /home/tianyuan/.m2/repository/com/netflix/hystrix/hystrix-core/1.5.10/hystrix-core-1.5.10.jar
7f60c02b3000-7f60c02b4000 r--s 00000000 08:05 1443787                    /home/tianyuan/.m2/repository/org/springframework/cloud/spring-cloud-starter-hystrix/1.3.0.RELEASE/spring-cloud-starter-hystrix-1.3.0.RELEASE.jar
7f60c02b4000-7f60c02df000 r--s 001fc000 08:05 1442501                    /home/tianyuan/.m2/repository/com/google/guava/guava/18.0/guava-18.0.jar
7f60c02df000-7f60c02e6000 r--s 00050000 08:05 1973893                    /home/tianyuan/.m2/repository/commons-configuration/commons-configuration/1.8/commons-configuration-1.8.jar
7f60c02e6000-7f60c02e8000 r--s 00003000 08:05 1443653                    /home/tianyuan/.m2/repository/com/google/code/findbugs/jsr305/3.0.1/jsr305-3.0.1.jar
7f60c02e8000-7f60c02ec000 r--s 0001e000 08:05 1443553                    /home/tianyuan/.m2/repository/com/netflix/archaius/archaius-core/0.7.4/archaius-core-0.7.4.jar
7f60c02ec000-7f60c02ed000 r--s 00000000 08:05 1443575                    /home/tianyuan/.m2/repository/org/springframework/cloud/spring-cloud-starter-archaius/1.3.0.RELEASE/spring-cloud-starter-archaius-1.3.0.RELEASE.jar
7f60c02ed000-7f60c02ee000 r--s 00003000 08:05 1974075                    /home/tianyuan/.m2/repository/io/github/openfeign/feign-hystrix/9.4.0/feign-hystrix-9.4.0.jar
7f60c02ee000-7f60c02ef000 r--s 00000000 08:05 1974073                    /home/tianyuan/.m2/repository/io/github/openfeign/feign-slf4j/9.4.0/feign-slf4j-9.4.0.jar
7f60c02ef000-7f60c02f0000 r--s 00000000 08:05 1444028                    /home/tianyuan/.m2/repository/org/jvnet/animal-sniffer-annotation/1.0/animal-sniffer-annotation-1.0.jar
7f60c02f0000-7f60c02f2000 r--s 00016000 08:05 1974071                    /home/tianyuan/.m2/repository/io/github/openfeign/feign-core/9.4.0/feign-core-9.4.0.jar
7f60c02f2000-7f60c02f4000 r--s 0000c000 08:05 932296                     /home/tianyuan/.m2/repository/org/springframework/security/spring-security-crypto/4.2.2.RELEASE/spring-security-crypto-4.2.2.RELEASE.jar
7f60c02f4000-7f60c02f9000 r--s 00016000 08:05 1443461                    /home/tianyuan/.m2/repository/org/springframework/cloud/spring-cloud-commons/1.2.0.RELEASE/spring-cloud-commons-1.2.0.RELEASE.jar
7f60c02f9000-7f60c0303000 r--s 00055000 08:05 1443535                    /home/tianyuan/.m2/repository/org/springframework/cloud/spring-cloud-netflix-core/1.3.0.RELEASE/spring-cloud-netflix-core-1.3.0.RELEASE.jar
7f60c0303000-7f60c0304000 r--s 00004000 08:05 932298                     /home/tianyuan/.m2/repository/org/springframework/security/spring-security-rsa/1.0.3.RELEASE/spring-security-rsa-1.0.3.RELEASE.jar
7f60c0304000-7f60c0307000 r--s 00015000 08:05 1443463                    /home/tianyuan/.m2/repository/org/springframework/cloud/spring-cloud-context/1.2.0.RELEASE/spring-cloud-context-1.2.0.RELEASE.jar
7f60c0307000-7f60c0308000 r--s 00000000 08:05 1443533                    /home/tianyuan/.m2/repository/org/springframework/cloud/spring-cloud-starter/1.2.0.RELEASE/spring-cloud-starter-1.2.0.RELEASE.jar
7f60c0308000-7f60c0309000 r--s 00000000 08:05 1444026                    /home/tianyuan/.m2/repository/org/springframework/cloud/spring-cloud-starter-feign/1.3.0.RELEASE/spring-cloud-starter-feign-1.3.0.RELEASE.jar
7f60c0309000-7f60c030b000 r--s 00009000 08:05 1442925                    /home/tianyuan/.m2/repository/org/slf4j/slf4j-api/1.7.24/slf4j-api-1.7.24.jar
7f60c030b000-7f60c030c000 r--s 00008000 08:05 1318080                    /home/tianyuan/.m2/repository/org/thymeleaf/extras/thymeleaf-extras-springsecurity4/2.1.3.RELEASE/thymeleaf-extras-springsecurity4-2.1.3.RELEASE.jar
7f60c030c000-7f60c0358000 r--s 0040d000 08:05 932587                     /home/tianyuan/.m2/repository/org/codehaus/groovy/groovy/2.4.9/groovy-2.4.9.jar
7f60c0358000-7f60c035b000 r--s 0001a000 08:05 1316257                    /home/tianyuan/.m2/repository/nz/net/ultraq/thymeleaf/thymeleaf-layout-dialect/1.4.0/thymeleaf-layout-dialect-1.4.0.jar
7f60c035b000-7f60c035e000 r--s 00020000 08:05 1316253                    /home/tianyuan/.m2/repository/org/unbescape/unbescape/1.1.0.RELEASE/unbescape-1.1.0.RELEASE.jar
7f60c035e000-7f60c0368000 r--s 000aa000 08:05 1316251                    /home/tianyuan/.m2/repository/org/javassist/javassist/3.21.0-GA/javassist-3.21.0-GA.jar
7f60c0368000-7f60c036b000 r--s 00035000 08:05 1316249                    /home/tianyuan/.m2/repository/ognl/ognl/3.0.8/ognl-3.0.8.jar
7f60c036b000-7f60c0378000 r--s 000b7000 08:05 1316247                    /home/tianyuan/.m2/repository/org/thymeleaf/thymeleaf/2.1.5.RELEASE/thymeleaf-2.1.5.RELEASE.jar
7f60c0378000-7f60c037b000 r--s 00034000 08:05 1316245                    /home/tianyuan/.m2/repository/org/thymeleaf/thymeleaf-spring4/2.1.5.RELEASE/thymeleaf-spring4-2.1.5.RELEASE.jar
7f60c037b000-7f60c037c000 r--s 00000000 08:05 1318069                    /home/tianyuan/.m2/repository/org/springframework/boot/spring-boot-starter-thymeleaf/1.5.2.RELEASE/spring-boot-starter-thymeleaf-1.5.2.RELEASE.jar
7f60c037c000-7f60c0380000 r--s 00035000 08:05 1444011                    /home/tianyuan/.m2/repository/org/codehaus/jackson/jackson-core-asl/1.9.13/jackson-core-asl-1.9.13.jar
7f60c0380000-7f60c038e000 r--s 000b1000 08:05 1444009                    /home/tianyuan/.m2/repository/org/codehaus/jackson/jackson-mapper-asl/1.9.13/jackson-mapper-asl-1.9.13.jar
7f60c038e000-7f60c0395000 r--s 0003f000 08:05 1973784                    /home/tianyuan/.m2/repository/commons-codec/commons-codec/1.10/commons-codec-1.10.jar
7f60c0395000-7f60c0397000 r--s 00000000 08:05 1315804                    /home/tianyuan/.m2/repository/aopalliance/aopalliance/1.0/aopalliance-1.0.jar
7f60c0397000-7f60c03a3000 r--s 00055000 08:05 1443603                    /home/tianyuan/.m2/repository/org/springframework/security/spring-security-core/4.2.2.RELEASE/spring-security-core-4.2.2.RELEASE.jar
7f60c03a3000-7f60c03bd000 r--s 000fd000 08:05 1442911                    /home/tianyuan/.m2/repository/org/springframework/spring-context/4.3.7.RELEASE/spring-context-4.3.7.RELEASE.jar
7f60c03bd000-7f60c03d4000 r--s 000fb000 08:05 1442927                    /home/tianyuan/.m2/repository/org/springframework/spring-core/4.3.7.RELEASE/spring-core-4.3.7.RELEASE.jar
7f60c03d4000-7f60c03e2000 r--s 000ad000 08:05 1442915                    /home/tianyuan/.m2/repository/org/springframework/spring-beans/4.3.7.RELEASE/spring-beans-4.3.7.RELEASE.jar
7f60c03e2000-7f60c03ee000 r--s 00068000 08:05 1444007                    /home/tianyuan/.m2/repository/org/springframework/security/oauth/spring-security-oauth2/2.0.13.RELEASE/spring-security-oauth2-2.0.13.RELEASE.jar
7f60c03ee000-7f60c03f9000 r--s 00053000 08:05 1443605                    /home/tianyuan/.m2/repository/org/springframework/security/spring-security-web/4.2.2.RELEASE/spring-security-web-4.2.2.RELEASE.jar
7f60c03f9000-7f60c0403000 r--s 00086000 08:05 1443601                    /home/tianyuan/.m2/repository/org/springframework/security/spring-security-config/4.2.2.RELEASE/spring-security-config-4.2.2.RELEASE.jar
7f60c0403000-7f60c040c000 r--s 00054000 08:05 1442913                    /home/tianyuan/.m2/repository/org/springframework/spring-aop/4.3.7.RELEASE/spring-aop-4.3.7.RELEASE.jar
7f60c040c000-7f60c040d000 r--s 00000000 08:05 1443599                    /home/tianyuan/.m2/repository/org/springframework/boot/spring-boot-starter-security/1.5.2.RELEASE/spring-boot-starter-security-1.5.2.RELEASE.jar
7f60c040d000-7f60c0412000 r--s 0003c000 08:05 1442917                    /home/tianyuan/.m2/repository/org/springframework/spring-expression/4.3.7.RELEASE/spring-expression-4.3.7.RELEASE.jar
7f60c0412000-7f60c0423000 r--s 000cf000 08:05 1443475                    /home/tianyuan/.m2/repository/org/springframework/spring-webmvc/4.3.7.RELEASE/spring-webmvc-4.3.7.RELEASE.jar
7f60c0423000-7f60c0434000 r--s 000b7000 08:05 1317227                    /home/tianyuan/.m2/repository/org/springframework/spring-web/4.3.7.RELEASE/spring-web-4.3.7.RELEASE.jar
7f60c0434000-7f60c0437000 r--s 00042000 08:05 1442909                    /home/tianyuan/.m2/repository/com/fasterxml/jackson/core/jackson-core/2.8.7/jackson-core-2.8.7.jar
7f60c0437000-7f60c043a000 r--s 0000b000 08:05 1316237                    /home/tianyuan/.m2/repository/com/fasterxml/jackson/core/jackson-annotations/2.8.0/jackson-annotations-2.8.0.jar
7f60c043a000-7f60c044c000 r--s 0011d000 08:05 1442907                    /home/tianyuan/.m2/repository/com/fasterxml/jackson/core/jackson-databind/2.8.7/jackson-databind-2.8.7.jar
7f60c044c000-7f60c044e000 r--s 0000e000 08:05 1316233                    /home/tianyuan/.m2/repository/com/fasterxml/classmate/1.3.3/classmate-1.3.3.jar
7f60c044e000-7f60c0450000 r--s 0000f000 08:05 1443473                    /home/tianyuan/.m2/repository/org/jboss/logging/jboss-logging/3.3.0.Final/jboss-logging-3.3.0.Final.jar
7f60c0450000-7f60c0454000 r--s 0000c000 08:05 1315782                    /home/tianyuan/.m2/repository/javax/validation/validation-api/1.1.0.Final/validation-api-1.1.0.Final.jar
7f60c0454000-7f60c0465000 r--s 000a1000 08:05 1443471                    /home/tianyuan/.m2/repository/org/hibernate/hibernate-validator/5.3.4.Final/hibernate-validator-5.3.4.Final.jar
7f60c0465000-7f60c046a000 r--s 00036000 08:05 1443469                    /home/tianyuan/.m2/repository/org/apache/tomcat/embed/tomcat-embed-websocket/8.5.11/tomcat-embed-websocket-8.5.11.jar
7f60c046a000-7f60c046f000 r--s 00036000 08:05 1443467                    /home/tianyuan/.m2/repository/org/apache/tomcat/embed/tomcat-embed-el/8.5.11/tomcat-embed-el-8.5.11.jar
7f60c046f000-7f60c0498000 r--s 002b8000 08:05 932294                     /home/tianyuan/.m2/repository/org/apache/tomcat/embed/tomcat-embed-core/8.5.11/tomcat-embed-core-8.5.11.jar
7f60c0498000-7f60c049e000 r--s 0003d000 08:05 1316217                    /home/tianyuan/.m2/repository/org/yaml/snakeyaml/1.17/snakeyaml-1.17.jar
7f60c049e000-7f60c04a9000 r--s 0006a000 08:05 1316209                    /home/tianyuan/.m2/repository/ch/qos/logback/logback-core/1.1.11/logback-core-1.1.11.jar
7f60c04a9000-7f60c04aa000 ---p 00000000 00:00 0 
7f60c04aa000-7f60c05aa000 rw-p 00000000 00:00 0 
7f60c05aa000-7f60c05ad000 ---p 00000000 00:00 0 
7f60c05ad000-7f60c06ab000 rw-p 00000000 00:00 0 
7f60c06ab000-7f60c06ae000 ---p 00000000 00:00 0 
7f60c06ae000-7f60c07ac000 rw-p 00000000 00:00 0 
7f60c07ac000-7f60c07af000 ---p 00000000 00:00 0 
7f60c07af000-7f60c08ad000 rw-p 00000000 00:00 0 
7f60c08ad000-7f60c08b0000 ---p 00000000 00:00 0 
7f60c08b0000-7f60c09ae000 rw-p 00000000 00:00 0 
7f60c09ae000-7f60c09b1000 ---p 00000000 00:00 0 
7f60c09b1000-7f60c0aaf000 rw-p 00000000 00:00 0 
7f60c0aaf000-7f60c0dfe000 r--p 00000000 08:05 2627278                    /usr/lib/locale/locale-archive
7f60c0dfe000-7f60c0e01000 ---p 00000000 00:00 0 
7f60c0e01000-7f60c0eff000 rw-p 00000000 00:00 0 
7f60c0eff000-7f60c0f02000 ---p 00000000 00:00 0 
7f60c0f02000-7f60c1000000 rw-p 00000000 00:00 0 
7f60c1000000-7f60c14f0000 rwxp 00000000 00:00 0 
7f60c14f0000-7f60d0000000 ---p 00000000 00:00 0 
7f60d0000000-7f60d0a00000 rw-p 00000000 00:00 0 
7f60d0a00000-7f60d4000000 ---p 00000000 00:00 0 
7f60d4000000-7f60d4002000 r--s 00004000 08:05 1442903                    /home/tianyuan/.m2/repository/org/slf4j/log4j-over-slf4j/1.7.24/log4j-over-slf4j-1.7.24.jar
7f60d4002000-7f60d4004000 r--s 00000000 08:05 1442901                    /home/tianyuan/.m2/repository/org/slf4j/jul-to-slf4j/1.7.24/jul-to-slf4j-1.7.24.jar
7f60d4004000-7f60d4006000 r--s 00003000 08:05 1442899                    /home/tianyuan/.m2/repository/org/slf4j/jcl-over-slf4j/1.7.24/jcl-over-slf4j-1.7.24.jar
7f60d4006000-7f60d4026000 r--s 000e0000 08:05 1442895                    /home/tianyuan/.m2/repository/org/springframework/boot/spring-boot-autoconfigure/1.5.2.RELEASE/spring-boot-autoconfigure-1.5.2.RELEASE.jar
7f60d4026000-7f60d4036000 r--s 00094000 08:05 1442893                    /home/tianyuan/.m2/repository/org/springframework/boot/spring-boot/1.5.2.RELEASE/spring-boot-1.5.2.RELEASE.jar
7f60d4036000-7f60d4037000 ---p 00000000 00:00 0 
7f60d4037000-7f60d50eb000 rw-p 00000000 00:00 0 
7f60d50eb000-7f60d52c3000 r--s 03d1d000 08:05 533751                     /usr/lib/jvm/java-8-oracle/jre/lib/rt.jar
7f60d52c3000-7f60d5d1a000 rw-p 00000000 00:00 0 
7f60d5d1a000-7f60d5d1b000 ---p 00000000 00:00 0 
7f60d5d1b000-7f60d5e1b000 rw-p 00000000 00:00 0 
7f60d5e1b000-7f60d5e1c000 ---p 00000000 00:00 0 
7f60d5e1c000-7f60d5f1c000 rw-p 00000000 00:00 0 
7f60d5f1c000-7f60d5f1d000 ---p 00000000 00:00 0 
7f60d5f1d000-7f60d601d000 rw-p 00000000 00:00 0 
7f60d601d000-7f60d601e000 ---p 00000000 00:00 0 
7f60d601e000-7f60d6133000 rw-p 00000000 00:00 0 
7f60d6133000-7f60d625f000 ---p 00000000 00:00 0 
7f60d625f000-7f60d6274000 rw-p 00000000 00:00 0 
7f60d6274000-7f60d639f000 ---p 00000000 00:00 0 
7f60d639f000-7f60d63b2000 rw-p 00000000 00:00 0 
7f60d63b2000-7f60d6440000 ---p 00000000 00:00 0 
7f60d6440000-7f60d6455000 rw-p 00000000 00:00 0 
7f60d6455000-7f60d6801000 ---p 00000000 00:00 0 
7f60d6801000-7f60d681b000 r-xp 00000000 08:05 533858                     /usr/lib/jvm/java-8-oracle/jre/lib/amd64/libzip.so
7f60d681b000-7f60d6a1b000 ---p 0001a000 08:05 533858                     /usr/lib/jvm/java-8-oracle/jre/lib/amd64/libzip.so
7f60d6a1b000-7f60d6a1c000 rw-p 0001a000 08:05 533858                     /usr/lib/jvm/java-8-oracle/jre/lib/amd64/libzip.so
7f60d6a1c000-7f60d6a26000 r-xp 00000000 08:05 528307                     /lib/x86_64-linux-gnu/libnss_files-2.24.so
7f60d6a26000-7f60d6c26000 ---p 0000a000 08:05 528307                     /lib/x86_64-linux-gnu/libnss_files-2.24.so
7f60d6c26000-7f60d6c27000 r--p 0000a000 08:05 528307                     /lib/x86_64-linux-gnu/libnss_files-2.24.so
7f60d6c27000-7f60d6c28000 rw-p 0000b000 08:05 528307                     /lib/x86_64-linux-gnu/libnss_files-2.24.so
7f60d6c28000-7f60d6c2e000 rw-p 00000000 00:00 0 
7f60d6c2e000-7f60d6c39000 r-xp 00000000 08:05 528311                     /lib/x86_64-linux-gnu/libnss_nis-2.24.so
7f60d6c39000-7f60d6e38000 ---p 0000b000 08:05 528311                     /lib/x86_64-linux-gnu/libnss_nis-2.24.so
7f60d6e38000-7f60d6e39000 r--p 0000a000 08:05 528311                     /lib/x86_64-linux-gnu/libnss_nis-2.24.so
7f60d6e39000-7f60d6e3a000 rw-p 0000b000 08:05 528311                     /lib/x86_64-linux-gnu/libnss_nis-2.24.so
7f60d6e3a000-7f60d6e4e000 r-xp 00000000 08:05 528301                     /lib/x86_64-linux-gnu/libnsl-2.24.so
7f60d6e4e000-7f60d704e000 ---p 00014000 08:05 528301                     /lib/x86_64-linux-gnu/libnsl-2.24.so
7f60d704e000-7f60d704f000 r--p 00014000 08:05 528301                     /lib/x86_64-linux-gnu/libnsl-2.24.so
7f60d704f000-7f60d7050000 rw-p 00015000 08:05 528301                     /lib/x86_64-linux-gnu/libnsl-2.24.so
7f60d7050000-7f60d7052000 rw-p 00000000 00:00 0 
7f60d7052000-7f60d7059000 r-xp 00000000 08:05 528303                     /lib/x86_64-linux-gnu/libnss_compat-2.24.so
7f60d7059000-7f60d7258000 ---p 00007000 08:05 528303                     /lib/x86_64-linux-gnu/libnss_compat-2.24.so
7f60d7258000-7f60d7259000 r--p 00006000 08:05 528303                     /lib/x86_64-linux-gnu/libnss_compat-2.24.so
7f60d7259000-7f60d725a000 rw-p 00007000 08:05 528303                     /lib/x86_64-linux-gnu/libnss_compat-2.24.so
7f60d725a000-7f60d7284000 r-xp 00000000 08:05 533884                     /usr/lib/jvm/java-8-oracle/jre/lib/amd64/libjava.so
7f60d7284000-7f60d7484000 ---p 0002a000 08:05 533884                     /usr/lib/jvm/java-8-oracle/jre/lib/amd64/libjava.so
7f60d7484000-7f60d7486000 rw-p 0002a000 08:05 533884                     /usr/lib/jvm/java-8-oracle/jre/lib/amd64/libjava.so
7f60d7486000-7f60d7493000 r-xp 00000000 08:05 533838                     /usr/lib/jvm/java-8-oracle/jre/lib/amd64/libverify.so
7f60d7493000-7f60d7693000 ---p 0000d000 08:05 533838                     /usr/lib/jvm/java-8-oracle/jre/lib/amd64/libverify.so
7f60d7693000-7f60d7695000 rw-p 0000d000 08:05 533838                     /usr/lib/jvm/java-8-oracle/jre/lib/amd64/libverify.so
7f60d7695000-7f60d769c000 r-xp 00000000 08:05 528360                     /lib/x86_64-linux-gnu/librt-2.24.so
7f60d769c000-7f60d789b000 ---p 00007000 08:05 528360                     /lib/x86_64-linux-gnu/librt-2.24.so
7f60d789b000-7f60d789c000 r--p 00006000 08:05 528360                     /lib/x86_64-linux-gnu/librt-2.24.so
7f60d789c000-7f60d789d000 rw-p 00007000 08:05 528360                     /lib/x86_64-linux-gnu/librt-2.24.so
7f60d789d000-7f60d79a0000 r-xp 00000000 08:05 528284                     /lib/x86_64-linux-gnu/libm-2.24.so
7f60d79a0000-7f60d7b9f000 ---p 00103000 08:05 528284                     /lib/x86_64-linux-gnu/libm-2.24.so
7f60d7b9f000-7f60d7ba0000 r--p 00102000 08:05 528284                     /lib/x86_64-linux-gnu/libm-2.24.so
7f60d7ba0000-7f60d7ba1000 rw-p 00103000 08:05 528284                     /lib/x86_64-linux-gnu/libm-2.24.so
7f60d7ba1000-7f60d8860000 r-xp 00000000 08:05 533888                     /usr/lib/jvm/java-8-oracle/jre/lib/amd64/server/libjvm.so
7f60d8860000-7f60d8a5f000 ---p 00cbf000 08:05 533888                     /usr/lib/jvm/java-8-oracle/jre/lib/amd64/server/libjvm.so
7f60d8a5f000-7f60d8b38000 rw-p 00cbe000 08:05 533888                     /usr/lib/jvm/java-8-oracle/jre/lib/amd64/server/libjvm.so
7f60d8b38000-7f60d8b81000 rw-p 00000000 00:00 0 
7f60d8b81000-7f60d8d16000 r-xp 00000000 08:05 528212                     /lib/x86_64-linux-gnu/libc-2.24.so
7f60d8d16000-7f60d8f15000 ---p 00195000 08:05 528212                     /lib/x86_64-linux-gnu/libc-2.24.so
7f60d8f15000-7f60d8f19000 r--p 00194000 08:05 528212                     /lib/x86_64-linux-gnu/libc-2.24.so
7f60d8f19000-7f60d8f1b000 rw-p 00198000 08:05 528212                     /lib/x86_64-linux-gnu/libc-2.24.so
7f60d8f1b000-7f60d8f1f000 rw-p 00000000 00:00 0 
7f60d8f1f000-7f60d8f21000 r-xp 00000000 08:05 528235                     /lib/x86_64-linux-gnu/libdl-2.24.so
7f60d8f21000-7f60d9121000 ---p 00002000 08:05 528235                     /lib/x86_64-linux-gnu/libdl-2.24.so
7f60d9121000-7f60d9122000 r--p 00002000 08:05 528235                     /lib/x86_64-linux-gnu/libdl-2.24.so
7f60d9122000-7f60d9123000 rw-p 00003000 08:05 528235                     /lib/x86_64-linux-gnu/libdl-2.24.so
7f60d9123000-7f60d9138000 r-xp 00000000 08:05 3023989                    /usr/lib/jvm/java-8-oracle/lib/amd64/jli/libjli.so
7f60d9138000-7f60d9338000 ---p 00015000 08:05 3023989                    /usr/lib/jvm/java-8-oracle/lib/amd64/jli/libjli.so
7f60d9338000-7f60d9339000 rw-p 00015000 08:05 3023989                    /usr/lib/jvm/java-8-oracle/lib/amd64/jli/libjli.so
7f60d9339000-7f60d9351000 r-xp 00000000 08:05 528350                     /lib/x86_64-linux-gnu/libpthread-2.24.so
7f60d9351000-7f60d9550000 ---p 00018000 08:05 528350                     /lib/x86_64-linux-gnu/libpthread-2.24.so
7f60d9550000-7f60d9551000 r--p 00017000 08:05 528350                     /lib/x86_64-linux-gnu/libpthread-2.24.so
7f60d9551000-7f60d9552000 rw-p 00018000 08:05 528350                     /lib/x86_64-linux-gnu/libpthread-2.24.so
7f60d9552000-7f60d9556000 rw-p 00000000 00:00 0 
7f60d9556000-7f60d9579000 r-xp 00000000 08:05 528186                     /lib/x86_64-linux-gnu/ld-2.24.so
7f60d9579000-7f60d957a000 r--s 00000000 08:05 1443465                    /home/tianyuan/.m2/repository/org/springframework/boot/spring-boot-starter-tomcat/1.5.2.RELEASE/spring-boot-starter-tomcat-1.5.2.RELEASE.jar
7f60d957a000-7f60d9581000 r--s 00045000 08:05 1316207                    /home/tianyuan/.m2/repository/ch/qos/logback/logback-classic/1.1.11/logback-classic-1.1.11.jar
7f60d9581000-7f60d9653000 rw-p 00000000 00:00 0 
7f60d9653000-7f60d9656000 ---p 00000000 00:00 0 
7f60d9656000-7f60d9756000 rw-p 00000000 00:00 0 
7f60d9756000-7f60d9757000 r--s 00000000 08:05 1442897                    /home/tianyuan/.m2/repository/org/springframework/boot/spring-boot-starter-logging/1.5.2.RELEASE/spring-boot-starter-logging-1.5.2.RELEASE.jar
7f60d9757000-7f60d9758000 r--s 00000000 08:05 1442891                    /home/tianyuan/.m2/repository/org/springframework/boot/spring-boot-starter/1.5.2.RELEASE/spring-boot-starter-1.5.2.RELEASE.jar
7f60d9758000-7f60d9759000 r--s 00000000 08:05 1317229                    /home/tianyuan/.m2/repository/org/springframework/boot/spring-boot-starter-web/1.5.2.RELEASE/spring-boot-starter-web-1.5.2.RELEASE.jar
7f60d9759000-7f60d976c000 rw-p 00000000 00:00 0 
7f60d976c000-7f60d9774000 rw-s 00000000 08:05 3024821                    /tmp/hsperfdata_tianyuan/8697
7f60d9774000-7f60d9775000 rw-p 00000000 00:00 0 
7f60d9775000-7f60d9776000 ---p 00000000 00:00 0 
7f60d9776000-7f60d9779000 rw-p 00000000 00:00 0 
7f60d9779000-7f60d977a000 r--p 00023000 08:05 528186                     /lib/x86_64-linux-gnu/ld-2.24.so
7f60d977a000-7f60d977b000 rw-p 00024000 08:05 528186                     /lib/x86_64-linux-gnu/ld-2.24.so
7f60d977b000-7f60d977c000 rw-p 00000000 00:00 0 
7ffc4186e000-7ffc41892000 rw-p 00000000 00:00 0                          [stack]
7ffc41972000-7ffc41974000 r--p 00000000 00:00 0                          [vvar]
7ffc41974000-7ffc41976000 r-xp 00000000 00:00 0                          [vdso]
ffffffffff600000-ffffffffff601000 r-xp 00000000 00:00 0                  [vsyscall]

VM Arguments:
jvm_args: -Dfile.encoding=UTF-8 -Dawt.useSystemAAFontSettings=gasp 
java_command: com.tianyuan.AppApplication
java_class_path (initial): /home/tianyuan/learn/my-code/account/account-ui/target/classes:/home/tianyuan/.m2/repository/org/springframework/boot/spring-boot-starter-web/1.5.2.RELEASE/spring-boot-starter-web-1.5.2.RELEASE.jar:/home/tianyuan/.m2/repository/org/springframework/boot/spring-boot-starter/1.5.2.RELEASE/spring-boot-starter-1.5.2.RELEASE.jar:/home/tianyuan/.m2/repository/org/springframework/boot/spring-boot/1.5.2.RELEASE/spring-boot-1.5.2.RELEASE.jar:/home/tianyuan/.m2/repository/org/springframework/boot/spring-boot-autoconfigure/1.5.2.RELEASE/spring-boot-autoconfigure-1.5.2.RELEASE.jar:/home/tianyuan/.m2/repository/org/springframework/boot/spring-boot-starter-logging/1.5.2.RELEASE/spring-boot-starter-logging-1.5.2.RELEASE.jar:/home/tianyuan/.m2/repository/ch/qos/logback/logback-classic/1.1.11/logback-classic-1.1.11.jar:/home/tianyuan/.m2/repository/ch/qos/logback/logback-core/1.1.11/logback-core-1.1.11.jar:/home/tianyuan/.m2/repository/org/slf4j/jcl-over-slf4j/1.7.24/jcl-over-slf4j-1.7.24.jar:/home/tianyuan/.m2/repository/org/slf4j/jul-to-slf4j/1.7.24/jul-to-slf4j-1.7.24.jar:/home/tianyuan/.m2/repository/org/slf4j/log4j-over-slf4j/1.7.24/log4j-over-slf4j-1.7.24.jar:/home/tianyuan/.m2/repository/org/yaml/snakeyaml/1.17/snakeyaml-1.17.jar:/home/tianyuan/.m2/repository/org/springframework/boot/spring-boot-starter-tomcat/1.5.2.RELEASE/spring-boot-starter-tomcat-1.5.2.RELEASE.jar:/home/tianyuan/.m2/repository/org/apache/tomcat/embed/tomcat-embed-core/8.5.11/tomcat-embed-core-8.5.11.jar:/home/tianyuan/.m2/repository/org/apache/tomcat/embed/tomcat-embed-el/8.5.11/tomcat-embed-el-8.5.11.jar:/home/tianyuan/.m2/repository/org/apache/tomcat/embed/tomcat-embed-websocket/8.5.11/tomcat-embed-websocket-8.5.11.jar:/home/tianyuan/.m2/repository/org/hibernate/hibernate-validator/5.3.4.Final/hibernate-validator-5.3.4.Final.jar:/home/tianyuan/.m2/repository/javax/validation/validation-api/1.1.0.Final/validation-api-1.1.0.Final.jar:/home/tianyuan/.m2/repository/org/jboss/logg
Launcher Type: SUN_STANDARD

Environment Variables:
_JAVA_OPTIONS=  -Dawt.useSystemAAFontSettings=gasp
PATH=/usr/local/bin:/usr/bin:/bin:/usr/local/games:/usr/games
SHELL=/bin/bash
DISPLAY=:0

Signal Handlers:
SIGSEGV: [libjvm.so+0xabb070], sa_mask[0]=11111111011111111101111111111110, sa_flags=SA_RESTART|SA_SIGINFO
SIGBUS: [libjvm.so+0xabb070], sa_mask[0]=11111111011111111101111111111110, sa_flags=SA_RESTART|SA_SIGINFO
SIGFPE: [libjvm.so+0x918480], sa_mask[0]=11111111011111111101111111111110, sa_flags=SA_RESTART|SA_SIGINFO
SIGPIPE: [libjvm.so+0x918480], sa_mask[0]=11111111011111111101111111111110, sa_flags=SA_RESTART|SA_SIGINFO
SIGXFSZ: [libjvm.so+0x918480], sa_mask[0]=11111111011111111101111111111110, sa_flags=SA_RESTART|SA_SIGINFO
SIGILL: [libjvm.so+0x918480], sa_mask[0]=11111111011111111101111111111110, sa_flags=SA_RESTART|SA_SIGINFO
SIGUSR1: SIG_DFL, sa_mask[0]=00000000000000000000000000000000, sa_flags=none
SIGUSR2: [libjvm.so+0x919ab0], sa_mask[0]=00100000000000000000000000000000, sa_flags=SA_RESTART|SA_SIGINFO
SIGHUP: SIG_IGN, sa_mask[0]=00000000000000000000000000000000, sa_flags=none
SIGINT: [libjvm.so+0x91aeb0], sa_mask[0]=11111111011111111101111111111110, sa_flags=SA_RESTART|SA_SIGINFO
SIGTERM: [libjvm.so+0x91aeb0], sa_mask[0]=11111111011111111101111111111110, sa_flags=SA_RESTART|SA_SIGINFO
SIGQUIT: [libjvm.so+0x91aeb0], sa_mask[0]=11111111011111111101111111111110, sa_flags=SA_RESTART|SA_SIGINFO


---------------  S Y S T E M  ---------------

OS:DISTRIB_ID=Deepin
DISTRIB_RELEASE=15.4.1
DISTRIB_DESCRIPTION="Deepin 15.4.1 "
DISTRIB_CODENAME=unstable

uname:Linux 4.9.0-deepin9-amd64 #1 SMP PREEMPT Deepin 4.9.29-4 (2017-07-17) x86_64
libc:glibc 2.24 NPTL 2.24 
rlimit: STACK 8192k, CORE 0k, NPROC 15094, NOFILE 1048576, AS infinity
load average:2.16 1.60 1.25

/proc/meminfo:
MemTotal:        3938708 kB
MemFree:          104068 kB
MemAvailable:      12644 kB
Buffers:             636 kB
Cached:           255392 kB
SwapCached:         9424 kB
Active:          2989368 kB
Inactive:         606412 kB
Active(anon):    2978148 kB
Inactive(anon):   595532 kB
Active(file):      11220 kB
Inactive(file):    10880 kB
Unevictable:          72 kB
Mlocked:              72 kB
SwapTotal:       4194300 kB
SwapFree:              0 kB
Dirty:               328 kB
Writeback:             0 kB
AnonPages:       3332188 kB
Mapped:           109176 kB
Shmem:            233612 kB
Slab:              83532 kB
SReclaimable:      31556 kB
SUnreclaim:        51976 kB
KernelStack:       20864 kB
PageTables:        78392 kB
NFS_Unstable:          0 kB
Bounce:                0 kB
WritebackTmp:          0 kB
CommitLimit:     6163652 kB
Committed_AS:   15843752 kB
VmallocTotal:   34359738367 kB
VmallocUsed:           0 kB
VmallocChunk:          0 kB
HardwareCorrupted:     0 kB
AnonHugePages:      2048 kB
ShmemHugePages:        0 kB
ShmemPmdMapped:        0 kB
HugePages_Total:       0
HugePages_Free:        0
HugePages_Rsvd:        0
HugePages_Surp:        0
Hugepagesize:       2048 kB
DirectMap4k:      194304 kB
DirectMap2M:     3891200 kB


CPU:total 4 (2 cores per cpu, 2 threads per core) family 6 model 58 stepping 9, cmov, cx8, fxsr, mmx, sse, sse2, sse3, ssse3, sse4.1, sse4.2, popcnt, avx, aes, clmul, erms, ht, tsc, tscinvbit, tscinv

/proc/cpuinfo:
processor	: 0
vendor_id	: GenuineIntel
cpu family	: 6
model		: 58
model name	: Intel(R) Core(TM) i7-3517U CPU @ 1.90GHz
stepping	: 9
microcode	: 0x16
cpu MHz		: 1900.000
cache size	: 4096 KB
physical id	: 0
siblings	: 4
core id		: 0
cpu cores	: 2
apicid		: 0
initial apicid	: 0
fpu		: yes
fpu_exception	: yes
cpuid level	: 13
wp		: yes
flags		: fpu vme de pse tsc msr pae mce cx8 apic sep mtrr pge mca cmov pat pse36 clflush dts acpi mmx fxsr sse sse2 ss ht tm pbe syscall nx rdtscp lm constant_tsc arch_perfmon pebs bts rep_good nopl xtopology nonstop_tsc aperfmperf eagerfpu pni pclmulqdq dtes64 monitor ds_cpl vmx est tm2 ssse3 cx16 xtpr pdcm pcid sse4_1 sse4_2 x2apic popcnt tsc_deadline_timer aes xsave avx f16c rdrand lahf_lm epb tpr_shadow vnmi flexpriority ept vpid fsgsbase smep erms xsaveopt dtherm ida arat pln pts
bugs		:
bogomips	: 4789.16
clflush size	: 64
cache_alignment	: 64
address sizes	: 36 bits physical, 48 bits virtual
power management:

processor	: 1
vendor_id	: GenuineIntel
cpu family	: 6
model		: 58
model name	: Intel(R) Core(TM) i7-3517U CPU @ 1.90GHz
stepping	: 9
microcode	: 0x16
cpu MHz		: 1900.000
cache size	: 4096 KB
physical id	: 0
siblings	: 4
core id		: 1
cpu cores	: 2
apicid		: 2
initial apicid	: 2
fpu		: yes
fpu_exception	: yes
cpuid level	: 13
wp		: yes
flags		: fpu vme de pse tsc msr pae mce cx8 apic sep mtrr pge mca cmov pat pse36 clflush dts acpi mmx fxsr sse sse2 ss ht tm pbe syscall nx rdtscp lm constant_tsc arch_perfmon pebs bts rep_good nopl xtopology nonstop_tsc aperfmperf eagerfpu pni pclmulqdq dtes64 monitor ds_cpl vmx est tm2 ssse3 cx16 xtpr pdcm pcid sse4_1 sse4_2 x2apic popcnt tsc_deadline_timer aes xsave avx f16c rdrand lahf_lm epb tpr_shadow vnmi flexpriority ept vpid fsgsbase smep erms xsaveopt dtherm ida arat pln pts
bugs		:
bogomips	: 4789.16
clflush size	: 64
cache_alignment	: 64
address sizes	: 36 bits physical, 48 bits virtual
power management:

processor	: 2
vendor_id	: GenuineIntel
cpu family	: 6
model		: 58
model name	: Intel(R) Core(TM) i7-3517U CPU @ 1.90GHz
stepping	: 9
microcode	: 0x16
cpu MHz		: 1900.000
cache size	: 4096 KB
physical id	: 0
siblings	: 4
core id		: 0
cpu cores	: 2
apicid		: 1
initial apicid	: 1
fpu		: yes
fpu_exception	: yes
cpuid level	: 13
wp		: yes
flags		: fpu vme de pse tsc msr pae mce cx8 apic sep mtrr pge mca cmov pat pse36 clflush dts acpi mmx fxsr sse sse2 ss ht tm pbe syscall nx rdtscp lm constant_tsc arch_perfmon pebs bts rep_good nopl xtopology nonstop_tsc aperfmperf eagerfpu pni pclmulqdq dtes64 monitor ds_cpl vmx est tm2 ssse3 cx16 xtpr pdcm pcid sse4_1 sse4_2 x2apic popcnt tsc_deadline_timer aes xsave avx f16c rdrand lahf_lm epb tpr_shadow vnmi flexpriority ept vpid fsgsbase smep erms xsaveopt dtherm ida arat pln pts
bugs		:
bogomips	: 4789.16
clflush size	: 64
cache_alignment	: 64
address sizes	: 36 bits physical, 48 bits virtual
power management:

processor	: 3
vendor_id	: GenuineIntel
cpu family	: 6
model		: 58
model name	: Intel(R) Core(TM) i7-3517U CPU @ 1.90GHz
stepping	: 9
microcode	: 0x16
cpu MHz		: 1900.000
cache size	: 4096 KB
physical id	: 0
siblings	: 4
core id		: 1
cpu cores	: 2
apicid		: 3
initial apicid	: 3
fpu		: yes
fpu_exception	: yes
cpuid level	: 13
wp		: yes
flags		: fpu vme de pse tsc msr pae mce cx8 apic sep mtrr pge mca cmov pat pse36 clflush dts acpi mmx fxsr sse sse2 ss ht tm pbe syscall nx rdtscp lm constant_tsc arch_perfmon pebs bts rep_good nopl xtopology nonstop_tsc aperfmperf eagerfpu pni pclmulqdq dtes64 monitor ds_cpl vmx est tm2 ssse3 cx16 xtpr pdcm pcid sse4_1 sse4_2 x2apic popcnt tsc_deadline_timer aes xsave avx f16c rdrand lahf_lm epb tpr_shadow vnmi flexpriority ept vpid fsgsbase smep erms xsaveopt dtherm ida arat pln pts
bugs		:
bogomips	: 4789.16
clflush size	: 64
cache_alignment	: 64
address sizes	: 36 bits physical, 48 bits virtual
power management:



Memory: 4k page, physical 3938708k(103968k free), swap 4194300k(0k free)

vm_info: Java HotSpot(TM) 64-Bit Server VM (25.74-b02) for linux-amd64 JRE (1.8.0_74-b02), built on Jan 29 2016 19:20:56 by "java_re" with gcc 4.3.0 20080428 (Red Hat 4.3.0-8)

time: Sun Aug 13 01:02:05 2017
elapsed time: 3 seconds (0d 0h 0m 3s)

