#
# There is insufficient memory for the Java Runtime Environment to continue.
# Native memory allocation (mmap) failed to map 25165824 bytes for committing reserved memory.
# Possible reasons:
#   The system is out of physical RAM or swap space
#   In 32 bit mode, the process size limit was hit
# Possible solutions:
#   Reduce memory load on the system
#   Increase physical memory or swap space
#   Check if swap backing store is full
#   Use 64 bit Java on a 64 bit OS
#   Decrease Java heap size (-Xmx/-Xms)
#   Decrease number of Java threads
#   Decrease Java thread stack sizes (-Xss)
#   Set larger code cache with -XX:ReservedCodeCacheSize=
# This output file may be truncated or incomplete.
#
#  Out of Memory Error (os_linux.cpp:2627), pid=8580, tid=140475133208320
#
# JRE version: Java(TM) SE Runtime Environment (8.0_74-b02) (build 1.8.0_74-b02)
# Java VM: Java HotSpot(TM) 64-Bit Server VM (25.74-b02 mixed mode linux-amd64 compressed oops)
# Failed to write core dump. Core dumps have been disabled. To enable core dumping, try "ulimit -c unlimited" before starting Java again
#

---------------  T H R E A D  ---------------

Current thread (0x00007fc2fc081000):  VMThread [stack: 0x00007fc2ea5a2000,0x00007fc2ea6a3000] [id=8593]

Stack: [0x00007fc2ea5a2000,0x00007fc2ea6a3000],  sp=0x00007fc2ea6a1320,  free space=1020k
Native frames: (J=compiled Java code, j=interpreted, Vv=VM code, C=native code)
V  [libjvm.so+0xaba7ea]  VMError::report_and_die()+0x2ba
V  [libjvm.so+0x4f9e3b]  report_vm_out_of_memory(char const*, int, unsigned long, VMErrorType, char const*)+0x8b
V  [libjvm.so+0x91b613]  os::Linux::commit_memory_impl(char*, unsigned long, bool)+0x103
V  [libjvm.so+0x91bb69]  os::pd_commit_memory(char*, unsigned long, unsigned long, bool)+0x29
V  [libjvm.so+0x915e6a]  os::commit_memory(char*, unsigned long, unsigned long, bool)+0x2a
V  [libjvm.so+0x989543]  PSVirtualSpace::expand_by(unsigned long)+0x53
V  [libjvm.so+0x98a948]  PSYoungGen::resize_generation(unsigned long, unsigned long)+0xf8
V  [libjvm.so+0x989aa2]  PSYoungGen::resize(unsigned long, unsigned long)+0x22
V  [libjvm.so+0x986d7b]  PSScavenge::invoke_no_policy()+0xf3b
V  [libjvm.so+0x987501]  PSScavenge::invoke()+0x41
V  [libjvm.so+0x93f300]  ParallelScavengeHeap::failed_mem_allocate(unsigned long)+0x70
V  [libjvm.so+0xabc207]  VM_ParallelGCFailedAllocation::doit()+0x97
V  [libjvm.so+0xac3c35]  VM_Operation::evaluate()+0x55
V  [libjvm.so+0xac200a]  VMThread::evaluate_operation(VM_Operation*)+0xba
V  [libjvm.so+0xac238e]  VMThread::loop()+0x1ce
V  [libjvm.so+0xac2800]  VMThread::run()+0x70
V  [libjvm.so+0x91d9d8]  java_start(Thread*)+0x108

VM_Operation (0x00007fc305264540): ParallelGCFailedAllocation, mode: safepoint, requested by thread 0x00007fc2fc013000


---------------  P R O C E S S  ---------------

Java Threads: ( => current thread )
  0x00007fc29000c000 JavaThread "JMX server connection timeout 19" daemon [_thread_blocked, id=8616, stack(0x00007fc2e8572000,0x00007fc2e8673000)]
  0x00007fc2a4001800 JavaThread "RMI TCP Connection(2)-127.0.0.1" daemon [_thread_blocked, id=8615, stack(0x00007fc2e8673000,0x00007fc2e8774000)]
  0x00007fc29803a800 JavaThread "RMI Scheduler(0)" daemon [_thread_blocked, id=8614, stack(0x00007fc2e8774000,0x00007fc2e8875000)]
  0x00007fc29c001800 JavaThread "RMI TCP Connection(1)-127.0.0.1" daemon [_thread_in_native, id=8612, stack(0x00007fc2e8a75000,0x00007fc2e8b76000)]
  0x00007fc2fc761000 JavaThread "RMI TCP Accept-0" daemon [_thread_in_native, id=8610, stack(0x00007fc2e8ca0000,0x00007fc2e8da1000)]
  0x00007fc2fc72c800 JavaThread "RMI TCP Accept-35959" daemon [_thread_in_native, id=8609, stack(0x00007fc2e8dab000,0x00007fc2e8eac000)]
  0x00007fc2fc716800 JavaThread "RMI TCP Accept-0" daemon [_thread_in_native, id=8608, stack(0x00007fc2e8eac000,0x00007fc2e8fad000)]
  0x00007fc2fc0e4800 JavaThread "Service Thread" daemon [_thread_blocked, id=8607, stack(0x00007fc2e9994000,0x00007fc2e9a95000)]
  0x00007fc2fc0d9800 JavaThread "C1 CompilerThread2" daemon [_thread_blocked, id=8606, stack(0x00007fc2e9a95000,0x00007fc2e9b96000)]
  0x00007fc2fc0d7800 JavaThread "C2 CompilerThread1" daemon [_thread_blocked, id=8605, stack(0x00007fc2e9b96000,0x00007fc2e9c97000)]
  0x00007fc2fc0d4800 JavaThread "C2 CompilerThread0" daemon [_thread_blocked, id=8604, stack(0x00007fc2e9c97000,0x00007fc2e9d98000)]
  0x00007fc2c8001000 JavaThread "JDWP Command Reader" daemon [_thread_in_native, id=8602, stack(0x00007fc2e9d98000,0x00007fc2e9e99000)]
  0x00007fc2fc0d2800 JavaThread "JDWP Event Helper Thread" daemon [_thread_blocked, id=8601, stack(0x00007fc2e9e99000,0x00007fc2e9f9a000)]
  0x00007fc2fc0cf000 JavaThread "JDWP Transport Listener: dt_socket" daemon [_thread_blocked, id=8598, stack(0x00007fc2e9f9a000,0x00007fc2ea09b000)]
  0x00007fc2fc0bf000 JavaThread "Signal Dispatcher" daemon [_thread_blocked, id=8596, stack(0x00007fc2ea29f000,0x00007fc2ea3a0000)]
  0x00007fc2fc08d800 JavaThread "Finalizer" daemon [_thread_blocked, id=8595, stack(0x00007fc2ea3a0000,0x00007fc2ea4a1000)]
  0x00007fc2fc089000 JavaThread "Reference Handler" daemon [_thread_blocked, id=8594, stack(0x00007fc2ea4a1000,0x00007fc2ea5a2000)]
  0x00007fc2fc013000 JavaThread "main" [_thread_blocked, id=8582, stack(0x00007fc305166000,0x00007fc305267000)]

Other Threads:
=>0x00007fc2fc081000 VMThread [stack: 0x00007fc2ea5a2000,0x00007fc2ea6a3000] [id=8593]
  0x00007fc2fc768000 WatcherThread [stack: 0x00007fc2e8b9f000,0x00007fc2e8ca0000] [id=8611]

VM state:at safepoint (normal execution)

VM Mutex/Monitor currently owned by a thread:  ([mutex/lock_event])
[0x00007fc2fc00f880] Threads_lock - owner thread: 0x00007fc2fc081000
[0x00007fc2fc00fd80] Heap_lock - owner thread: 0x00007fc2fc013000

Heap:
 PSYoungGen      total 72192K, used 4779K [0x00000000ebf80000, 0x00000000f0e80000, 0x0000000100000000)
  eden space 63488K, 0% used [0x00000000ebf80000,0x00000000ebf80000,0x00000000efd80000)
  from space 8704K, 54% used [0x00000000efd80000,0x00000000f022ae10,0x00000000f0600000)
  to   space 8192K, 0% used [0x00000000f0680000,0x00000000f0680000,0x00000000f0e80000)
 ParOldGen       total 41984K, used 10807K [0x00000000c3e00000, 0x00000000c6700000, 0x00000000ebf80000)
  object space 41984K, 25% used [0x00000000c3e00000,0x00000000c488dfb8,0x00000000c6700000)
 Metaspace       used 22992K, capacity 23350K, committed 23472K, reserved 1069056K
  class space    used 2924K, capacity 3016K, committed 3072K, reserved 1048576K

Card table byte_map: [0x00007fc3015e6000,0x00007fc3017c8000] byte_map_base: 0x00007fc300fc7000

Marking Bits: (ParMarkBitMap*) 0x00007fc304669260
 Begin Bits: [0x00007fc2eb1f0000, 0x00007fc2ec0f8000)
 End Bits:   [0x00007fc2ec0f8000, 0x00007fc2ed000000)

Polling page: 0x00007fc305288000

CodeCache: size=245760Kb used=5055Kb max_used=5055Kb free=240704Kb
 bounds [0x00007fc2ed000000, 0x00007fc2ed4f0000, 0x00007fc2fc000000]
 total_blobs=2591 nmethods=2205 adapters=307
 compilation: enabled

Compilation events (10 events):
Event: 11.623 Thread 0x00007fc2fc0d9800 nmethod 2207 0x00007fc2ed4ecbd0 code [0x00007fc2ed4ecd40, 0x00007fc2ed4ecf10]
Event: 11.623 Thread 0x00007fc2fc0d9800 2208       1       org.springframework.boot.autoconfigure.AutoConfigurationSorter$AutoConfigurationClasses::get (14 bytes)
Event: 11.623 Thread 0x00007fc2fc0d9800 nmethod 2208 0x00007fc2ed4ed050 code [0x00007fc2ed4ed1c0, 0x00007fc2ed4ed348]
Event: 11.623 Thread 0x00007fc2fc0d9800 2209       1       org.springframework.boot.autoconfigure.AutoConfigurationSorter$AutoConfigurationClass::access$000 (5 bytes)
Event: 11.624 Thread 0x00007fc2fc0d9800 nmethod 2209 0x00007fc2ed4ed410 code [0x00007fc2ed4ed580, 0x00007fc2ed4ed6a8]
Event: 11.625 Thread 0x00007fc2fc0d9800 2210       1       org.springframework.boot.autoconfigure.AutoConfigurationSorter$AutoConfigurationClass::getOrder (79 bytes)
Event: 11.626 Thread 0x00007fc2fc0d9800 nmethod 2210 0x00007fc2ed4ed750 code [0x00007fc2ed4ed940, 0x00007fc2ed4edd98]
Event: 11.626 Thread 0x00007fc2fc0d9800 2214       1       org.springframework.core.type.classreading.AnnotationReadingVisitorUtils::getMergedAnnotationAttributes (244 bytes)
Event: 11.630 Thread 0x00007fc2fc0d9800 nmethod 2214 0x00007fc2ed4ee190 code [0x00007fc2ed4ee480, 0x00007fc2ed4eefa8]
Event: 11.630 Thread 0x00007fc2fc0d9800 2213   !   1       org.springframework.core.type.classreading.AnnotationReadingVisitorUtils::convertClassValues (404 bytes)

GC Heap History (10 events):
Event: 1.807 GC heap after
Heap after GC invocations=3 (full 0):
 PSYoungGen      total 18432K, used 2538K [0x00000000ebf80000, 0x00000000ee380000, 0x0000000100000000)
  eden space 15872K, 0% used [0x00000000ebf80000,0x00000000ebf80000,0x00000000ecf00000)
  from space 2560K, 99% used [0x00000000ecf00000,0x00000000ed17aae8,0x00000000ed180000)
  to   space 2560K, 0% used [0x00000000ee100000,0x00000000ee100000,0x00000000ee380000)
 ParOldGen       total 42496K, used 4126K [0x00000000c3e00000, 0x00000000c6780000, 0x00000000ebf80000)
  object space 42496K, 9% used [0x00000000c3e00000,0x00000000c4207858,0x00000000c6780000)
 Metaspace       used 12510K, capacity 12784K, committed 12928K, reserved 1060864K
  class space    used 1580K, capacity 1656K, committed 1664K, reserved 1048576K
}
Event: 2.014 GC heap before
{Heap before GC invocations=4 (full 0):
 PSYoungGen      total 18432K, used 18410K [0x00000000ebf80000, 0x00000000ee380000, 0x0000000100000000)
  eden space 15872K, 100% used [0x00000000ebf80000,0x00000000ecf00000,0x00000000ecf00000)
  from space 2560K, 99% used [0x00000000ecf00000,0x00000000ed17aae8,0x00000000ed180000)
  to   space 2560K, 0% used [0x00000000ee100000,0x00000000ee100000,0x00000000ee380000)
 ParOldGen       total 42496K, used 4135K [0x00000000c3e00000, 0x00000000c6780000, 0x00000000ebf80000)
  object space 42496K, 9% used [0x00000000c3e00000,0x00000000c4209da0,0x00000000c6780000)
 Metaspace       used 14816K, capacity 15088K, committed 15360K, reserved 1062912K
  class space    used 1889K, capacity 1976K, committed 2048K, reserved 1048576K
Event: 2.033 GC heap after
Heap after GC invocations=4 (full 0):
 PSYoungGen      total 34304K, used 2554K [0x00000000ebf80000, 0x00000000ee380000, 0x0000000100000000)
  eden space 31744K, 0% used [0x00000000ebf80000,0x00000000ebf80000,0x00000000ede80000)
  from space 2560K, 99% used [0x00000000ee100000,0x00000000ee37eaf8,0x00000000ee380000)
  to   space 2560K, 0% used [0x00000000ede80000,0x00000000ede80000,0x00000000ee100000)
 ParOldGen       total 42496K, used 9366K [0x00000000c3e00000, 0x00000000c6780000, 0x00000000ebf80000)
  object space 42496K, 22% used [0x00000000c3e00000,0x00000000c4725ad0,0x00000000c6780000)
 Metaspace       used 14816K, capacity 15088K, committed 15360K, reserved 1062912K
  class space    used 1889K, capacity 1976K, committed 2048K, reserved 1048576K
}
Event: 2.749 GC heap before
{Heap before GC invocations=5 (full 0):
 PSYoungGen      total 34304K, used 34286K [0x00000000ebf80000, 0x00000000ee380000, 0x0000000100000000)
  eden space 31744K, 99% used [0x00000000ebf80000,0x00000000ede7ce28,0x00000000ede80000)
  from space 2560K, 99% used [0x00000000ee100000,0x00000000ee37eaf8,0x00000000ee380000)
  to   space 2560K, 0% used [0x00000000ede80000,0x00000000ede80000,0x00000000ee100000)
 ParOldGen       total 42496K, used 9366K [0x00000000c3e00000, 0x00000000c6780000, 0x00000000ebf80000)
  object space 42496K, 22% used [0x00000000c3e00000,0x00000000c4725ad0,0x00000000c6780000)
 Metaspace       used 19292K, capacity 19658K, committed 19968K, reserved 1067008K
  class space    used 2360K, capacity 2478K, committed 2560K, reserved 1048576K
Event: 2.791 GC heap after
Heap after GC invocations=5 (full 0):
 PSYoungGen      total 34304K, used 2554K [0x00000000ebf80000, 0x00000000f0f80000, 0x0000000100000000)
  eden space 31744K, 0% used [0x00000000ebf80000,0x00000000ebf80000,0x00000000ede80000)
  from space 2560K, 99% used [0x00000000ede80000,0x00000000ee0feb18,0x00000000ee100000)
  to   space 9216K, 0% used [0x00000000f0680000,0x00000000f0680000,0x00000000f0f80000)
 ParOldGen       total 42496K, used 14096K [0x00000000c3e00000, 0x00000000c6780000, 0x00000000ebf80000)
  object space 42496K, 33% used [0x00000000c3e00000,0x00000000c4bc41d0,0x00000000c6780000)
 Metaspace       used 19292K, capacity 19658K, committed 19968K, reserved 1067008K
  class space    used 2360K, capacity 2478K, committed 2560K, reserved 1048576K
}
Event: 3.622 GC heap before
{Heap before GC invocations=6 (full 0):
 PSYoungGen      total 34304K, used 24498K [0x00000000ebf80000, 0x00000000f0f80000, 0x0000000100000000)
  eden space 31744K, 69% used [0x00000000ebf80000,0x00000000ed4edda0,0x00000000ede80000)
  from space 2560K, 99% used [0x00000000ede80000,0x00000000ee0feb18,0x00000000ee100000)
  to   space 9216K, 0% used [0x00000000f0680000,0x00000000f0680000,0x00000000f0f80000)
 ParOldGen       total 42496K, used 14096K [0x00000000c3e00000, 0x00000000c6780000, 0x00000000ebf80000)
  object space 42496K, 33% used [0x00000000c3e00000,0x00000000c4bc41d0,0x00000000c6780000)
 Metaspace       used 20824K, capacity 21158K, committed 21296K, reserved 1069056K
  class space    used 2567K, capacity 2656K, committed 2688K, reserved 1048576K
Event: 3.671 GC heap after
Heap after GC invocations=6 (full 0):
 PSYoungGen      total 71680K, used 4303K [0x00000000ebf80000, 0x00000000f0e80000, 0x0000000100000000)
  eden space 63488K, 0% used [0x00000000ebf80000,0x00000000ebf80000,0x00000000efd80000)
  from space 8192K, 52% used [0x00000000f0680000,0x00000000f0ab3d38,0x00000000f0e80000)
  to   space 8704K, 0% used [0x00000000efd80000,0x00000000efd80000,0x00000000f0600000)
 ParOldGen       total 42496K, used 14096K [0x00000000c3e00000, 0x00000000c6780000, 0x00000000ebf80000)
  object space 42496K, 33% used [0x00000000c3e00000,0x00000000c4bc41d0,0x00000000c6780000)
 Metaspace       used 20824K, capacity 21158K, committed 21296K, reserved 1069056K
  class space    used 2567K, capacity 2656K, committed 2688K, reserved 1048576K
}
Event: 3.672 GC heap before
{Heap before GC invocations=7 (full 1):
 PSYoungGen      total 71680K, used 4303K [0x00000000ebf80000, 0x00000000f0e80000, 0x0000000100000000)
  eden space 63488K, 0% used [0x00000000ebf80000,0x00000000ebf80000,0x00000000efd80000)
  from space 8192K, 52% used [0x00000000f0680000,0x00000000f0ab3d38,0x00000000f0e80000)
  to   space 8704K, 0% used [0x00000000efd80000,0x00000000efd80000,0x00000000f0600000)
 ParOldGen       total 42496K, used 14096K [0x00000000c3e00000, 0x00000000c6780000, 0x00000000ebf80000)
  object space 42496K, 33% used [0x00000000c3e00000,0x00000000c4bc41d0,0x00000000c6780000)
 Metaspace       used 20824K, capacity 21158K, committed 21296K, reserved 1069056K
  class space    used 2567K, capacity 2656K, committed 2688K, reserved 1048576K
Event: 3.892 GC heap after
Heap after GC invocations=7 (full 1):
 PSYoungGen      total 71680K, used 0K [0x00000000ebf80000, 0x00000000f0e80000, 0x0000000100000000)
  eden space 63488K, 0% used [0x00000000ebf80000,0x00000000ebf80000,0x00000000efd80000)
  from space 8192K, 0% used [0x00000000f0680000,0x00000000f0680000,0x00000000f0e80000)
  to   space 8704K, 0% used [0x00000000efd80000,0x00000000efd80000,0x00000000f0600000)
 ParOldGen       total 41984K, used 10799K [0x00000000c3e00000, 0x00000000c6700000, 0x00000000ebf80000)
  object space 41984K, 25% used [0x00000000c3e00000,0x00000000c488bfb8,0x00000000c6700000)
 Metaspace       used 20824K, capacity 21158K, committed 21296K, reserved 1069056K
  class space    used 2567K, capacity 2656K, committed 2688K, reserved 1048576K
}
Event: 11.637 GC heap before
{Heap before GC invocations=8 (full 1):
 PSYoungGen      total 71680K, used 63488K [0x00000000ebf80000, 0x00000000f0e80000, 0x0000000100000000)
  eden space 63488K, 100% used [0x00000000ebf80000,0x00000000efd80000,0x00000000efd80000)
  from space 8192K, 0% used [0x00000000f0680000,0x00000000f0680000,0x00000000f0e80000)
  to   space 8704K, 0% used [0x00000000efd80000,0x00000000efd80000,0x00000000f0600000)
 ParOldGen       total 41984K, used 10799K [0x00000000c3e00000, 0x00000000c6700000, 0x00000000ebf80000)
  object space 41984K, 25% used [0x00000000c3e00000,0x00000000c488bfb8,0x00000000c6700000)
 Metaspace       used 22992K, capacity 23350K, committed 23472K, reserved 1069056K
  class space    used 2924K, capacity 3016K, committed 3072K, reserved 1048576K

Deoptimization events (0 events):
No events

Internal exceptions (10 events):
Event: 9.617 Thread 0x00007fc2fc013000 Exception <a 'java/lang/ArrayIndexOutOfBoundsException'> (0x00000000ee7a2728) thrown at [/HUDSON3/workspace/8-2-build-linux-amd64/jdk8u74/6087/hotspot/src/share/vm/runtime/sharedRuntime.cpp, line 605]
Event: 9.764 Thread 0x00007fc2fc013000 Exception <a 'java/lang/ClassNotFoundException': java/lang/ObjectCustomizer> (0x00000000ee9506a0) thrown at [/HUDSON3/workspace/8-2-build-linux-amd64/jdk8u74/6087/hotspot/src/share/vm/classfile/systemDictionary.cpp, line 210]
Event: 9.768 Thread 0x00007fc2fc013000 Exception <a 'java/lang/ClassNotFoundException': org/springframework/context/annotation/ConfigurationClassPostProcessorCustomizer> (0x00000000ee97f600) thrown at [/HUDSON3/workspace/8-2-build-linux-amd64/jdk8u74/6087/hotspot/src/share/vm/classfile/systemD
Event: 9.774 Thread 0x00007fc2fc013000 Exception <a 'java/lang/ClassNotFoundException': org/springframework/beans/factory/support/BeanDefinitionRegistryPostProcessorCustomizer> (0x00000000ee9bf628) thrown at [/HUDSON3/workspace/8-2-build-linux-amd64/jdk8u74/6087/hotspot/src/share/vm/classfile/
Event: 9.783 Thread 0x00007fc2fc013000 Exception <a 'java/lang/ClassNotFoundException': org/springframework/core/PriorityOrderedCustomizer> (0x00000000ee9de868) thrown at [/HUDSON3/workspace/8-2-build-linux-amd64/jdk8u74/6087/hotspot/src/share/vm/classfile/systemDictionary.cpp, line 210]
Event: 9.789 Thread 0x00007fc2fc013000 Exception <a 'java/lang/ClassNotFoundException': org/springframework/context/ResourceLoaderAwareCustomizer> (0x00000000ee9ffd28) thrown at [/HUDSON3/workspace/8-2-build-linux-amd64/jdk8u74/6087/hotspot/src/share/vm/classfile/systemDictionary.cpp, line 210
Event: 9.791 Thread 0x00007fc2fc013000 Exception <a 'java/lang/ClassNotFoundException': org/springframework/beans/factory/BeanClassLoaderAwareCustomizer> (0x00000000eea25e78) thrown at [/HUDSON3/workspace/8-2-build-linux-amd64/jdk8u74/6087/hotspot/src/share/vm/classfile/systemDictionary.cpp, l
Event: 9.794 Thread 0x00007fc2fc013000 Exception <a 'java/lang/ClassNotFoundException': org/springframework/context/EnvironmentAwareCustomizer> (0x00000000eea47408) thrown at [/HUDSON3/workspace/8-2-build-linux-amd64/jdk8u74/6087/hotspot/src/share/vm/classfile/systemDictionary.cpp, line 210]
Event: 9.952 Thread 0x00007fc2a4001800 Exception <a 'java/lang/reflect/InvocationTargetException'> (0x00000000ee503528) thrown at [/HUDSON3/workspace/8-2-build-linux-amd64/jdk8u74/6087/hotspot/src/share/vm/runtime/reflection.cpp, line 1092]
Event: 10.481 Thread 0x00007fc2a4001800 Exception <a 'java/lang/reflect/InvocationTargetException'> (0x00000000ee50cab8) thrown at [/HUDSON3/workspace/8-2-build-linux-amd64/jdk8u74/6087/hotspot/src/share/vm/runtime/reflection.cpp, line 1092]

Events (10 events):
Event: 11.612 Thread 0x00007fc2fc013000 DEOPT UNPACKING pc=0x00007fc2ed047633 sp=0x00007fc305260f00 mode 1
Event: 11.616 loading class org/springframework/boot/autoconfigure/AutoConfigurationSorter$1
Event: 11.616 loading class org/springframework/boot/autoconfigure/AutoConfigurationSorter$1 done
Event: 11.616 Thread 0x00007fc2fc013000 DEOPT PACKING pc=0x00007fc2ed1d31c9 sp=0x00007fc305263e40
Event: 11.616 Thread 0x00007fc2fc013000 DEOPT UNPACKING pc=0x00007fc2ed047633 sp=0x00007fc305263bb0 mode 1
Event: 11.616 Thread 0x00007fc2fc013000 DEOPT PACKING pc=0x00007fc2ed1b18b4 sp=0x00007fc305263ec0
Event: 11.616 Thread 0x00007fc2fc013000 DEOPT UNPACKING pc=0x00007fc2ed047633 sp=0x00007fc305263d00 mode 1
Event: 11.616 Thread 0x00007fc2fc013000 DEOPT PACKING pc=0x00007fc2ed1b17fc sp=0x00007fc305264050
Event: 11.616 Thread 0x00007fc2fc013000 DEOPT UNPACKING pc=0x00007fc2ed047633 sp=0x00007fc305263e90 mode 1
Event: 11.632 Executing VM operation: ParallelGCFailedAllocation


Dynamic libraries:
00400000-00401000 r-xp 00000000 08:05 533677                             /usr/lib/jvm/java-8-oracle/bin/java
00600000-00601000 rw-p 00000000 08:05 533677                             /usr/lib/jvm/java-8-oracle/bin/java
01bd6000-01bf7000 rw-p 00000000 00:00 0                                  [heap]
c3e00000-c6700000 rw-p 00000000 00:00 0 
c6700000-ebf80000 ---p 00000000 00:00 0 
ebf80000-f0e80000 rw-p 00000000 00:00 0 
f2680000-100000000 ---p 00000000 00:00 0 
100000000-100300000 rw-p 00000000 00:00 0 
100300000-140000000 ---p 00000000 00:00 0 
7fc284000000-7fc28428c000 rw-p 00000000 00:00 0 
7fc28428c000-7fc288000000 ---p 00000000 00:00 0 
7fc288000000-7fc288231000 rw-p 00000000 00:00 0 
7fc288231000-7fc28c000000 ---p 00000000 00:00 0 
7fc28c000000-7fc28c021000 rw-p 00000000 00:00 0 
7fc28c021000-7fc290000000 ---p 00000000 00:00 0 
7fc290000000-7fc290028000 rw-p 00000000 00:00 0 
7fc290028000-7fc294000000 ---p 00000000 00:00 0 
7fc294000000-7fc294021000 rw-p 00000000 00:00 0 
7fc294021000-7fc298000000 ---p 00000000 00:00 0 
7fc298000000-7fc29803c000 rw-p 00000000 00:00 0 
7fc29803c000-7fc29c000000 ---p 00000000 00:00 0 
7fc29c000000-7fc29c021000 rw-p 00000000 00:00 0 
7fc29c021000-7fc2a0000000 ---p 00000000 00:00 0 
7fc2a0000000-7fc2a0021000 rw-p 00000000 00:00 0 
7fc2a0021000-7fc2a4000000 ---p 00000000 00:00 0 
7fc2a4000000-7fc2a4021000 rw-p 00000000 00:00 0 
7fc2a4021000-7fc2a8000000 ---p 00000000 00:00 0 
7fc2a8569000-7fc2a8755000 rw-p 00000000 00:00 0 
7fc2a8755000-7fc2a8769000 ---p 00000000 00:00 0 
7fc2a8769000-7fc2a87ff000 r--s 01102000 08:05 533904                     /usr/lib/jvm/java-8-oracle/jre/lib/ext/jfxrt.jar
7fc2a87ff000-7fc2a89ff000 rw-p 00000000 00:00 0 
7fc2a89ff000-7fc2a8bff000 rw-p 00000000 00:00 0 
7fc2a8bff000-7fc2a8dff000 rw-p 00000000 00:00 0 
7fc2a8dff000-7fc2a8fff000 rw-p 00000000 00:00 0 
7fc2a8fff000-7fc2ac000000 rw-p 00000000 00:00 0 
7fc2ac000000-7fc2ac7b6000 rw-p 00000000 00:00 0 
7fc2ac7b6000-7fc2b0000000 ---p 00000000 00:00 0 
7fc2b0000000-7fc2b0021000 rw-p 00000000 00:00 0 
7fc2b0021000-7fc2b4000000 ---p 00000000 00:00 0 
7fc2b4000000-7fc2b4057000 rw-p 00000000 00:00 0 
7fc2b4057000-7fc2b8000000 ---p 00000000 00:00 0 
7fc2b8000000-7fc2b8021000 rw-p 00000000 00:00 0 
7fc2b8021000-7fc2bc000000 ---p 00000000 00:00 0 
7fc2bc000000-7fc2bc021000 rw-p 00000000 00:00 0 
7fc2bc021000-7fc2c0000000 ---p 00000000 00:00 0 
7fc2c0000000-7fc2c0021000 rw-p 00000000 00:00 0 
7fc2c0021000-7fc2c4000000 ---p 00000000 00:00 0 
7fc2c4000000-7fc2c4021000 rw-p 00000000 00:00 0 
7fc2c4021000-7fc2c8000000 ---p 00000000 00:00 0 
7fc2c8000000-7fc2c8021000 rw-p 00000000 00:00 0 
7fc2c8021000-7fc2cc000000 ---p 00000000 00:00 0 
7fc2cc000000-7fc2cc021000 rw-p 00000000 00:00 0 
7fc2cc021000-7fc2d0000000 ---p 00000000 00:00 0 
7fc2d0000000-7fc2d0021000 rw-p 00000000 00:00 0 
7fc2d0021000-7fc2d4000000 ---p 00000000 00:00 0 
7fc2d4000000-7fc2d4021000 rw-p 00000000 00:00 0 
7fc2d4021000-7fc2d8000000 ---p 00000000 00:00 0 
7fc2d8000000-7fc2d828c000 rw-p 00000000 00:00 0 
7fc2d828c000-7fc2dc000000 ---p 00000000 00:00 0 
7fc2dc000000-7fc2dc021000 rw-p 00000000 00:00 0 
7fc2dc021000-7fc2e0000000 ---p 00000000 00:00 0 
7fc2e0000000-7fc2e0021000 rw-p 00000000 00:00 0 
7fc2e0021000-7fc2e4000000 ---p 00000000 00:00 0 
7fc2e4000000-7fc2e4021000 rw-p 00000000 00:00 0 
7fc2e4021000-7fc2e8000000 ---p 00000000 00:00 0 
7fc2e8034000-7fc2e8048000 r-xp 00000000 08:05 528358                     /lib/x86_64-linux-gnu/libresolv-2.24.so
7fc2e8048000-7fc2e8247000 ---p 00014000 08:05 528358                     /lib/x86_64-linux-gnu/libresolv-2.24.so
7fc2e8247000-7fc2e8248000 r--p 00013000 08:05 528358                     /lib/x86_64-linux-gnu/libresolv-2.24.so
7fc2e8248000-7fc2e8249000 rw-p 00014000 08:05 528358                     /lib/x86_64-linux-gnu/libresolv-2.24.so
7fc2e8249000-7fc2e824b000 rw-p 00000000 00:00 0 
7fc2e824b000-7fc2e8250000 r-xp 00000000 08:05 528305                     /lib/x86_64-linux-gnu/libnss_dns-2.24.so
7fc2e8250000-7fc2e844f000 ---p 00005000 08:05 528305                     /lib/x86_64-linux-gnu/libnss_dns-2.24.so
7fc2e844f000-7fc2e8450000 r--p 00004000 08:05 528305                     /lib/x86_64-linux-gnu/libnss_dns-2.24.so
7fc2e8450000-7fc2e8451000 rw-p 00005000 08:05 528305                     /lib/x86_64-linux-gnu/libnss_dns-2.24.so
7fc2e8459000-7fc2e846b000 r--s 00345000 08:05 533795                     /usr/lib/jvm/java-8-oracle/jre/lib/resources.jar
7fc2e846b000-7fc2e8471000 r--s 002f8000 08:05 533704                     /usr/lib/jvm/java-8-oracle/jre/lib/charsets.jar
7fc2e8471000-7fc2e8474000 ---p 00000000 00:00 0 
7fc2e8474000-7fc2e8572000 rw-p 00000000 00:00 0 
7fc2e8572000-7fc2e8575000 ---p 00000000 00:00 0 
7fc2e8575000-7fc2e8673000 rw-p 00000000 00:00 0 
7fc2e8673000-7fc2e8676000 ---p 00000000 00:00 0 
7fc2e8676000-7fc2e8774000 rw-p 00000000 00:00 0 
7fc2e8774000-7fc2e8777000 ---p 00000000 00:00 0 
7fc2e8777000-7fc2e8a75000 rw-p 00000000 00:00 0 
7fc2e8a75000-7fc2e8a78000 ---p 00000000 00:00 0 
7fc2e8a78000-7fc2e8b76000 rw-p 00000000 00:00 0 
7fc2e8b76000-7fc2e8b7d000 r--s 00000000 08:05 2756653                    /usr/lib/x86_64-linux-gnu/gconv/gconv-modules.cache
7fc2e8b7d000-7fc2e8b9f000 r--p 00000000 08:05 919372                     /usr/share/locale/zh_CN/LC_MESSAGES/libc.mo
7fc2e8b9f000-7fc2e8ba0000 ---p 00000000 00:00 0 
7fc2e8ba0000-7fc2e8ca0000 rw-p 00000000 00:00 0 
7fc2e8ca0000-7fc2e8ca3000 ---p 00000000 00:00 0 
7fc2e8ca3000-7fc2e8da1000 rw-p 00000000 00:00 0 
7fc2e8da1000-7fc2e8dab000 r--s 00116000 08:05 533908                     /usr/lib/jvm/java-8-oracle/jre/lib/ext/localedata.jar
7fc2e8dab000-7fc2e8dae000 ---p 00000000 00:00 0 
7fc2e8dae000-7fc2e8eac000 rw-p 00000000 00:00 0 
7fc2e8eac000-7fc2e8eaf000 ---p 00000000 00:00 0 
7fc2e8eaf000-7fc2e8fad000 rw-p 00000000 00:00 0 
7fc2e8fad000-7fc2e8fb1000 r--s 00097000 08:05 533703                     /usr/lib/jvm/java-8-oracle/jre/lib/jsse.jar
7fc2e8fb1000-7fc2e8ffb000 r--s 002f4000 08:05 1444398                    /home/tianyuan/.m2/repository/org/bouncycastle/bcprov-jdk15on/1.55/bcprov-jdk15on-1.55.jar
7fc2e8ffb000-7fc2e900c000 r--s 00096000 08:05 1444396                    /home/tianyuan/.m2/repository/org/bouncycastle/bcpkix-jdk15on/1.55/bcpkix-jdk15on-1.55.jar
7fc2e900c000-7fc2e900e000 r--s 00007000 08:05 1444013                    /home/tianyuan/.m2/repository/org/springframework/security/spring-security-jwt/1.0.7.RELEASE/spring-security-jwt-1.0.7.RELEASE.jar
7fc2e900e000-7fc2e9010000 r--s 00005000 08:05 1444005                    /home/tianyuan/.m2/repository/org/springframework/cloud/spring-cloud-security/1.2.0.RELEASE/spring-cloud-security-1.2.0.RELEASE.jar
7fc2e9010000-7fc2e9011000 r--s 00000000 08:05 1444003                    /home/tianyuan/.m2/repository/org/springframework/cloud/spring-cloud-starter-security/1.2.0.RELEASE/spring-cloud-starter-security-1.2.0.RELEASE.jar
7fc2e9011000-7fc2e9012000 r--s 00000000 08:05 1444001                    /home/tianyuan/.m2/repository/org/springframework/cloud/spring-cloud-starter-oauth2/1.2.0.RELEASE/spring-cloud-starter-oauth2-1.2.0.RELEASE.jar
7fc2e9012000-7fc2e902a000 r--s 000fd000 08:05 1974005                    /home/tianyuan/.m2/repository/io/reactivex/rxjava/1.1.10/rxjava-1.1.10.jar
7fc2e902a000-7fc2e902c000 r--s 00002000 08:05 1443595                    /home/tianyuan/.m2/repository/com/netflix/netflix-commons/netflix-statistics/0.1.1/netflix-statistics-0.1.1.jar
7fc2e902c000-7fc2e9030000 r--s 00024000 08:05 1443593                    /home/tianyuan/.m2/repository/com/netflix/ribbon/ribbon-loadbalancer/2.2.2/ribbon-loadbalancer-2.2.2.jar
7fc2e9030000-7fc2e9031000 r--s 00001000 08:05 1443591                    /home/tianyuan/.m2/repository/com/netflix/netflix-commons/netflix-commons-util/0.1.1/netflix-commons-util-0.1.1.jar
7fc2e9031000-7fc2e9035000 r--s 00027000 08:05 1443559                    /home/tianyuan/.m2/repository/com/netflix/servo/servo-internal/0.10.1/servo-internal-0.10.1.jar
7fc2e9035000-7fc2e903a000 r--s 00032000 08:05 1443557                    /home/tianyuan/.m2/repository/com/netflix/servo/servo-core/0.10.1/servo-core-0.10.1.jar
7fc2e903a000-7fc2e903c000 r--s 00003000 08:05 1443565                    /home/tianyuan/.m2/repository/com/sun/jersey/contribs/jersey-apache-client4/1.19.1/jersey-apache-client4-1.19.1.jar
7fc2e903c000-7fc2e903e000 r--s 0000a000 08:05 1443555                    /home/tianyuan/.m2/repository/javax/ws/rs/jsr311-api/1.1.1/jsr311-api-1.1.1.jar
7fc2e903e000-7fc2e9048000 r--s 00061000 08:05 1443561                    /home/tianyuan/.m2/repository/com/sun/jersey/jersey-core/1.19.1/jersey-core-1.19.1.jar
7fc2e9048000-7fc2e904b000 r--s 0001e000 08:05 1443563                    /home/tianyuan/.m2/repository/com/sun/jersey/jersey-client/1.19.1/jersey-client-1.19.1.jar
7fc2e904b000-7fc2e9053000 r--s 00048000 08:05 1442596                    /home/tianyuan/.m2/repository/org/apache/httpcomponents/httpcore/4.4.6/httpcore-4.4.6.jar
7fc2e9053000-7fc2e9060000 r--s 000aa000 08:05 1442591                    /home/tianyuan/.m2/repository/org/apache/httpcomponents/httpclient/4.5.3/httpclient-4.5.3.jar
7fc2e9060000-7fc2e9062000 r--s 0000c000 08:05 1443589                    /home/tianyuan/.m2/repository/com/netflix/ribbon/ribbon-httpclient/2.2.2/ribbon-httpclient-2.2.2.jar
7fc2e9062000-7fc2e9067000 r--s 00041000 08:05 1973900                    /home/tianyuan/.m2/repository/commons-lang/commons-lang/2.6/commons-lang-2.6.jar
7fc2e9067000-7fc2e906b000 r--s 00011000 08:05 1443587                    /home/tianyuan/.m2/repository/com/netflix/ribbon/ribbon-core/2.2.2/ribbon-core-2.2.2.jar
7fc2e906b000-7fc2e9072000 r--s 00047000 08:05 1974001                    /home/tianyuan/.m2/repository/io/netty/netty-transport/4.0.27.Final/netty-transport-4.0.27.Final.jar
7fc2e9072000-7fc2e9074000 r--s 00027000 08:05 1973999                    /home/tianyuan/.m2/repository/io/netty/netty-buffer/4.0.27.Final/netty-buffer-4.0.27.Final.jar
7fc2e9074000-7fc2e907b000 r--s 00060000 08:05 1973997                    /home/tianyuan/.m2/repository/io/netty/netty-common/4.0.27.Final/netty-common-4.0.27.Final.jar
7fc2e907b000-7fc2e907d000 r--s 00016000 08:05 1973995                    /home/tianyuan/.m2/repository/io/netty/netty-transport-native-epoll/4.0.27.Final/netty-transport-native-epoll-4.0.27.Final.jar
7fc2e907d000-7fc2e9082000 r--s 00036000 08:05 1973993                    /home/tianyuan/.m2/repository/io/netty/netty-handler/4.0.27.Final/netty-handler-4.0.27.Final.jar
7fc2e9082000-7fc2e9086000 r--s 00020000 08:05 1973991                    /home/tianyuan/.m2/repository/io/netty/netty-codec/4.0.27.Final/netty-codec-4.0.27.Final.jar
7fc2e9086000-7fc2e908e000 r--s 00061000 08:05 1973989                    /home/tianyuan/.m2/repository/io/netty/netty-codec-http/4.0.27.Final/netty-codec-http-4.0.27.Final.jar
7fc2e908e000-7fc2e9098000 r--s 00059000 08:05 1973906                    /home/tianyuan/.m2/repository/io/reactivex/rxnetty/0.4.9/rxnetty-0.4.9.jar
7fc2e9098000-7fc2e9099000 r--s 00000000 08:05 1442546                    /home/tianyuan/.m2/repository/javax/inject/javax.inject/1/javax.inject-1.jar
7fc2e9099000-7fc2e909b000 r--s 00006000 08:05 1973904                    /home/tianyuan/.m2/repository/io/reactivex/rxnetty-servo/0.4.9/rxnetty-servo-0.4.9.jar
7fc2e909b000-7fc2e909e000 r--s 0000b000 08:05 1973902                    /home/tianyuan/.m2/repository/io/reactivex/rxnetty-contexts/0.4.9/rxnetty-contexts-0.4.9.jar
7fc2e909e000-7fc2e909f000 r--s 00009000 08:05 1443581                    /home/tianyuan/.m2/repository/com/netflix/ribbon/ribbon-transport/2.2.2/ribbon-transport-2.2.2.jar
7fc2e909f000-7fc2e90a3000 r--s 00012000 08:05 1443579                    /home/tianyuan/.m2/repository/com/netflix/ribbon/ribbon/2.2.2/ribbon-2.2.2.jar
7fc2e90a3000-7fc2e90a4000 r--s 00000000 08:05 1443577                    /home/tianyuan/.m2/repository/org/springframework/cloud/spring-cloud-starter-ribbon/1.3.0.RELEASE/spring-cloud-starter-ribbon-1.3.0.RELEASE.jar
7fc2e90a4000-7fc2e90a9000 r--s 0001b000 08:05 1443501                    /home/tianyuan/.m2/repository/org/springframework/retry/spring-retry/1.2.0.RELEASE/spring-retry-1.2.0.RELEASE.jar
7fc2e90a9000-7fc2e90aa000 r--s 00001000 08:05 1443499                    /home/tianyuan/.m2/repository/org/springframework/integration/spring-integration-tuple/1.0.0.RELEASE/spring-integration-tuple-1.0.0.RELEASE.jar
7fc2e90aa000-7fc2e90ac000 r--s 00009000 08:05 1315754                    /home/tianyuan/.m2/repository/org/objenesis/objenesis/2.1/objenesis-2.1.jar
7fc2e90ac000-7fc2e90ad000 r--s 00001000 08:05 1443517                    /home/tianyuan/.m2/repository/com/esotericsoftware/minlog/1.3.0/minlog-1.3.0.jar
7fc2e90ad000-7fc2e90b4000 r--s 00051000 08:05 1443515                    /home/tianyuan/.m2/repository/com/esotericsoftware/kryo-shaded/3.0.3/kryo-shaded-3.0.3.jar
7fc2e90b4000-7fc2e90b6000 r--s 00006000 08:05 1443497                    /home/tianyuan/.m2/repository/org/springframework/spring-tuple/1.0.0.RELEASE/spring-tuple-1.0.0.RELEASE.jar
7fc2e90b6000-7fc2e90b9000 r--s 0000d000 08:05 1443495                    /home/tianyuan/.m2/repository/org/springframework/integration/spring-integration-jmx/4.3.8.RELEASE/spring-integration-jmx-4.3.8.RELEASE.jar
7fc2e90b9000-7fc2e90c1000 r--s 0003a000 08:05 1443505                    /home/tianyuan/.m2/repository/org/springframework/spring-tx/4.3.7.RELEASE/spring-tx-4.3.7.RELEASE.jar
7fc2e90c1000-7fc2e90d9000 r--s 000ed000 08:05 1443503                    /home/tianyuan/.m2/repository/org/springframework/integration/spring-integration-core/4.3.8.RELEASE/spring-integration-core-4.3.8.RELEASE.jar
7fc2e90d9000-7fc2e90e2000 r--s 00055000 08:05 932300                     /home/tianyuan/.m2/repository/org/springframework/spring-messaging/4.3.7.RELEASE/spring-messaging-4.3.7.RELEASE.jar
7fc2e90e2000-7fc2e90e3000 r--s 00000000 08:05 1443493                    /home/tianyuan/.m2/repository/org/springframework/boot/spring-boot-starter-validation/1.5.2.RELEASE/spring-boot-starter-validation-1.5.2.RELEASE.jar
7fc2e90e3000-7fc2e90f3000 r--s 00077000 08:05 1442905                    /home/tianyuan/.m2/repository/org/springframework/boot/spring-boot-actuator/1.5.2.RELEASE/spring-boot-actuator-1.5.2.RELEASE.jar
7fc2e90f3000-7fc2e90f4000 r--s 00000000 08:05 1442889                    /home/tianyuan/.m2/repository/org/springframework/boot/spring-boot-starter-actuator/1.5.2.RELEASE/spring-boot-starter-actuator-1.5.2.RELEASE.jar
7fc2e90f4000-7fc2e90f9000 r--s 00028000 08:05 1443491                    /home/tianyuan/.m2/repository/org/springframework/cloud/spring-cloud-stream/1.2.1.RELEASE/spring-cloud-stream-1.2.1.RELEASE.jar
7fc2e90f9000-7fc2e90fa000 r--s 00003000 08:05 1443805                    /home/tianyuan/.m2/repository/org/springframework/cloud/spring-cloud-netflix-hystrix-stream/1.3.0.RELEASE/spring-cloud-netflix-hystrix-stream-1.3.0.RELEASE.jar
7fc2e90fa000-7fc2e9113000 r--s 001af000 08:05 1443817                    /home/tianyuan/.m2/repository/org/aspectj/aspectjweaver/1.8.9/aspectjweaver-1.8.9.jar
7fc2e9113000-7fc2e9115000 r--s 0000c000 08:05 1317257                    /home/tianyuan/.m2/repository/org/ow2/asm/asm/5.0.4/asm-5.0.4.jar
7fc2e9115000-7fc2e911b000 r--s 00048000 08:05 1317255                    /home/tianyuan/.m2/repository/org/apache/commons/commons-lang3/3.1/commons-lang3-3.1.jar
7fc2e911b000-7fc2e9128000 r--s 00083000 08:05 1974003                    /home/tianyuan/.m2/repository/commons-collections/commons-collections/3.2.2/commons-collections-3.2.2.jar
7fc2e9128000-7fc2e912d000 r--s 00026000 08:05 1443795                    /home/tianyuan/.m2/repository/com/netflix/hystrix/hystrix-javanica/1.5.10/hystrix-javanica-1.5.10.jar
7fc2e912d000-7fc2e9130000 r--s 00021000 08:05 1443793                    /home/tianyuan/.m2/repository/com/fasterxml/jackson/module/jackson-module-afterburner/2.8.7/jackson-module-afterburner-2.8.7.jar
7fc2e9130000-7fc2e9132000 r--s 00007000 08:05 1443791                    /home/tianyuan/.m2/repository/com/netflix/hystrix/hystrix-serialization/1.5.10/hystrix-serialization-1.5.10.jar
7fc2e9132000-7fc2e9134000 r--s 0000c000 08:05 1443789                    /home/tianyuan/.m2/repository/com/netflix/hystrix/hystrix-metrics-event-stream/1.5.10/hystrix-metrics-event-stream-1.5.10.jar
7fc2e9134000-7fc2e9136000 r--s 0001a000 08:05 1443585                    /home/tianyuan/.m2/repository/org/hdrhistogram/HdrHistogram/2.1.9/HdrHistogram-2.1.9.jar
7fc2e9136000-7fc2e9142000 r--s 00067000 08:05 1443583                    /home/tianyuan/.m2/repository/com/netflix/hystrix/hystrix-core/1.5.10/hystrix-core-1.5.10.jar
7fc2e9142000-7fc2e9143000 r--s 00000000 08:05 1443787                    /home/tianyuan/.m2/repository/org/springframework/cloud/spring-cloud-starter-hystrix/1.3.0.RELEASE/spring-cloud-starter-hystrix-1.3.0.RELEASE.jar
7fc2e9143000-7fc2e916e000 r--s 001fc000 08:05 1442501                    /home/tianyuan/.m2/repository/com/google/guava/guava/18.0/guava-18.0.jar
7fc2e916e000-7fc2e9175000 r--s 00050000 08:05 1973893                    /home/tianyuan/.m2/repository/commons-configuration/commons-configuration/1.8/commons-configuration-1.8.jar
7fc2e9175000-7fc2e9177000 r--s 00003000 08:05 1443653                    /home/tianyuan/.m2/repository/com/google/code/findbugs/jsr305/3.0.1/jsr305-3.0.1.jar
7fc2e9177000-7fc2e917b000 r--s 0001e000 08:05 1443553                    /home/tianyuan/.m2/repository/com/netflix/archaius/archaius-core/0.7.4/archaius-core-0.7.4.jar
7fc2e917b000-7fc2e917c000 r--s 00000000 08:05 1443575                    /home/tianyuan/.m2/repository/org/springframework/cloud/spring-cloud-starter-archaius/1.3.0.RELEASE/spring-cloud-starter-archaius-1.3.0.RELEASE.jar
7fc2e917c000-7fc2e917d000 r--s 00003000 08:05 1974075                    /home/tianyuan/.m2/repository/io/github/openfeign/feign-hystrix/9.4.0/feign-hystrix-9.4.0.jar
7fc2e917d000-7fc2e917e000 r--s 00000000 08:05 1974073                    /home/tianyuan/.m2/repository/io/github/openfeign/feign-slf4j/9.4.0/feign-slf4j-9.4.0.jar
7fc2e917e000-7fc2e917f000 r--s 00000000 08:05 1444028                    /home/tianyuan/.m2/repository/org/jvnet/animal-sniffer-annotation/1.0/animal-sniffer-annotation-1.0.jar
7fc2e917f000-7fc2e9181000 r--s 00016000 08:05 1974071                    /home/tianyuan/.m2/repository/io/github/openfeign/feign-core/9.4.0/feign-core-9.4.0.jar
7fc2e9181000-7fc2e9183000 r--s 0000c000 08:05 932296                     /home/tianyuan/.m2/repository/org/springframework/security/spring-security-crypto/4.2.2.RELEASE/spring-security-crypto-4.2.2.RELEASE.jar
7fc2e9183000-7fc2e9188000 r--s 00016000 08:05 1443461                    /home/tianyuan/.m2/repository/org/springframework/cloud/spring-cloud-commons/1.2.0.RELEASE/spring-cloud-commons-1.2.0.RELEASE.jar
7fc2e9188000-7fc2e9192000 r--s 00055000 08:05 1443535                    /home/tianyuan/.m2/repository/org/springframework/cloud/spring-cloud-netflix-core/1.3.0.RELEASE/spring-cloud-netflix-core-1.3.0.RELEASE.jar
7fc2e9192000-7fc2e9193000 r--s 00004000 08:05 932298                     /home/tianyuan/.m2/repository/org/springframework/security/spring-security-rsa/1.0.3.RELEASE/spring-security-rsa-1.0.3.RELEASE.jar
7fc2e9193000-7fc2e9196000 r--s 00015000 08:05 1443463                    /home/tianyuan/.m2/repository/org/springframework/cloud/spring-cloud-context/1.2.0.RELEASE/spring-cloud-context-1.2.0.RELEASE.jar
7fc2e9196000-7fc2e9197000 r--s 00000000 08:05 1443533                    /home/tianyuan/.m2/repository/org/springframework/cloud/spring-cloud-starter/1.2.0.RELEASE/spring-cloud-starter-1.2.0.RELEASE.jar
7fc2e9197000-7fc2e9198000 r--s 00000000 08:05 1444026                    /home/tianyuan/.m2/repository/org/springframework/cloud/spring-cloud-starter-feign/1.3.0.RELEASE/spring-cloud-starter-feign-1.3.0.RELEASE.jar
7fc2e9198000-7fc2e919a000 r--s 00009000 08:05 1442925                    /home/tianyuan/.m2/repository/org/slf4j/slf4j-api/1.7.24/slf4j-api-1.7.24.jar
7fc2e919a000-7fc2e919b000 r--s 00008000 08:05 1318080                    /home/tianyuan/.m2/repository/org/thymeleaf/extras/thymeleaf-extras-springsecurity4/2.1.3.RELEASE/thymeleaf-extras-springsecurity4-2.1.3.RELEASE.jar
7fc2e919b000-7fc2e91e7000 r--s 0040d000 08:05 932587                     /home/tianyuan/.m2/repository/org/codehaus/groovy/groovy/2.4.9/groovy-2.4.9.jar
7fc2e91e7000-7fc2e91ea000 r--s 0001a000 08:05 1316257                    /home/tianyuan/.m2/repository/nz/net/ultraq/thymeleaf/thymeleaf-layout-dialect/1.4.0/thymeleaf-layout-dialect-1.4.0.jar
7fc2e91ea000-7fc2e91ed000 r--s 00020000 08:05 1316253                    /home/tianyuan/.m2/repository/org/unbescape/unbescape/1.1.0.RELEASE/unbescape-1.1.0.RELEASE.jar
7fc2e91ed000-7fc2e91f7000 r--s 000aa000 08:05 1316251                    /home/tianyuan/.m2/repository/org/javassist/javassist/3.21.0-GA/javassist-3.21.0-GA.jar
7fc2e91f7000-7fc2e91fa000 r--s 00035000 08:05 1316249                    /home/tianyuan/.m2/repository/ognl/ognl/3.0.8/ognl-3.0.8.jar
7fc2e91fa000-7fc2e9207000 r--s 000b7000 08:05 1316247                    /home/tianyuan/.m2/repository/org/thymeleaf/thymeleaf/2.1.5.RELEASE/thymeleaf-2.1.5.RELEASE.jar
7fc2e9207000-7fc2e920a000 r--s 00034000 08:05 1316245                    /home/tianyuan/.m2/repository/org/thymeleaf/thymeleaf-spring4/2.1.5.RELEASE/thymeleaf-spring4-2.1.5.RELEASE.jar
7fc2e920a000-7fc2e920b000 r--s 00000000 08:05 1318069                    /home/tianyuan/.m2/repository/org/springframework/boot/spring-boot-starter-thymeleaf/1.5.2.RELEASE/spring-boot-starter-thymeleaf-1.5.2.RELEASE.jar
7fc2e920b000-7fc2e920f000 r--s 00035000 08:05 1444011                    /home/tianyuan/.m2/repository/org/codehaus/jackson/jackson-core-asl/1.9.13/jackson-core-asl-1.9.13.jar
7fc2e920f000-7fc2e921d000 r--s 000b1000 08:05 1444009                    /home/tianyuan/.m2/repository/org/codehaus/jackson/jackson-mapper-asl/1.9.13/jackson-mapper-asl-1.9.13.jar
7fc2e921d000-7fc2e9224000 r--s 0003f000 08:05 1973784                    /home/tianyuan/.m2/repository/commons-codec/commons-codec/1.10/commons-codec-1.10.jar
7fc2e9224000-7fc2e9226000 r--s 00000000 08:05 1315804                    /home/tianyuan/.m2/repository/aopalliance/aopalliance/1.0/aopalliance-1.0.jar
7fc2e9226000-7fc2e9232000 r--s 00055000 08:05 1443603                    /home/tianyuan/.m2/repository/org/springframework/security/spring-security-core/4.2.2.RELEASE/spring-security-core-4.2.2.RELEASE.jar
7fc2e9232000-7fc2e924c000 r--s 000fd000 08:05 1442911                    /home/tianyuan/.m2/repository/org/springframework/spring-context/4.3.7.RELEASE/spring-context-4.3.7.RELEASE.jar
7fc2e924c000-7fc2e9263000 r--s 000fb000 08:05 1442927                    /home/tianyuan/.m2/repository/org/springframework/spring-core/4.3.7.RELEASE/spring-core-4.3.7.RELEASE.jar
7fc2e9263000-7fc2e9271000 r--s 000ad000 08:05 1442915                    /home/tianyuan/.m2/repository/org/springframework/spring-beans/4.3.7.RELEASE/spring-beans-4.3.7.RELEASE.jar
7fc2e9271000-7fc2e927d000 r--s 00068000 08:05 1444007                    /home/tianyuan/.m2/repository/org/springframework/security/oauth/spring-security-oauth2/2.0.13.RELEASE/spring-security-oauth2-2.0.13.RELEASE.jar
7fc2e927d000-7fc2e9288000 r--s 00053000 08:05 1443605                    /home/tianyuan/.m2/repository/org/springframework/security/spring-security-web/4.2.2.RELEASE/spring-security-web-4.2.2.RELEASE.jar
7fc2e9288000-7fc2e9292000 r--s 00086000 08:05 1443601                    /home/tianyuan/.m2/repository/org/springframework/security/spring-security-config/4.2.2.RELEASE/spring-security-config-4.2.2.RELEASE.jar
7fc2e9292000-7fc2e929b000 r--s 00054000 08:05 1442913                    /home/tianyuan/.m2/repository/org/springframework/spring-aop/4.3.7.RELEASE/spring-aop-4.3.7.RELEASE.jar
7fc2e929b000-7fc2e929c000 r--s 00000000 08:05 1443599                    /home/tianyuan/.m2/repository/org/springframework/boot/spring-boot-starter-security/1.5.2.RELEASE/spring-boot-starter-security-1.5.2.RELEASE.jar
7fc2e929c000-7fc2e92a1000 r--s 0003c000 08:05 1442917                    /home/tianyuan/.m2/repository/org/springframework/spring-expression/4.3.7.RELEASE/spring-expression-4.3.7.RELEASE.jar
7fc2e92a1000-7fc2e92b2000 r--s 000cf000 08:05 1443475                    /home/tianyuan/.m2/repository/org/springframework/spring-webmvc/4.3.7.RELEASE/spring-webmvc-4.3.7.RELEASE.jar
7fc2e92b2000-7fc2e92c3000 r--s 000b7000 08:05 1317227                    /home/tianyuan/.m2/repository/org/springframework/spring-web/4.3.7.RELEASE/spring-web-4.3.7.RELEASE.jar
7fc2e92c3000-7fc2e92c6000 r--s 00042000 08:05 1442909                    /home/tianyuan/.m2/repository/com/fasterxml/jackson/core/jackson-core/2.8.7/jackson-core-2.8.7.jar
7fc2e92c6000-7fc2e92c9000 r--s 0000b000 08:05 1316237                    /home/tianyuan/.m2/repository/com/fasterxml/jackson/core/jackson-annotations/2.8.0/jackson-annotations-2.8.0.jar
7fc2e92c9000-7fc2e92db000 r--s 0011d000 08:05 1442907                    /home/tianyuan/.m2/repository/com/fasterxml/jackson/core/jackson-databind/2.8.7/jackson-databind-2.8.7.jar
7fc2e92db000-7fc2e92dd000 r--s 0000e000 08:05 1316233                    /home/tianyuan/.m2/repository/com/fasterxml/classmate/1.3.3/classmate-1.3.3.jar
7fc2e92dd000-7fc2e92df000 r--s 0000f000 08:05 1443473                    /home/tianyuan/.m2/repository/org/jboss/logging/jboss-logging/3.3.0.Final/jboss-logging-3.3.0.Final.jar
7fc2e92df000-7fc2e92e3000 r--s 0000c000 08:05 1315782                    /home/tianyuan/.m2/repository/javax/validation/validation-api/1.1.0.Final/validation-api-1.1.0.Final.jar
7fc2e92e3000-7fc2e92f4000 r--s 000a1000 08:05 1443471                    /home/tianyuan/.m2/repository/org/hibernate/hibernate-validator/5.3.4.Final/hibernate-validator-5.3.4.Final.jar
7fc2e92f4000-7fc2e92f9000 r--s 00036000 08:05 1443469                    /home/tianyuan/.m2/repository/org/apache/tomcat/embed/tomcat-embed-websocket/8.5.11/tomcat-embed-websocket-8.5.11.jar
7fc2e92f9000-7fc2e92fe000 r--s 00036000 08:05 1443467                    /home/tianyuan/.m2/repository/org/apache/tomcat/embed/tomcat-embed-el/8.5.11/tomcat-embed-el-8.5.11.jar
7fc2e92fe000-7fc2e9327000 r--s 002b8000 08:05 932294                     /home/tianyuan/.m2/repository/org/apache/tomcat/embed/tomcat-embed-core/8.5.11/tomcat-embed-core-8.5.11.jar
7fc2e9327000-7fc2e932d000 r--s 0003d000 08:05 1316217                    /home/tianyuan/.m2/repository/org/yaml/snakeyaml/1.17/snakeyaml-1.17.jar
7fc2e932d000-7fc2e932f000 r--s 00004000 08:05 1442903                    /home/tianyuan/.m2/repository/org/slf4j/log4j-over-slf4j/1.7.24/log4j-over-slf4j-1.7.24.jar
7fc2e932f000-7fc2e9331000 r--s 00000000 08:05 1442901                    /home/tianyuan/.m2/repository/org/slf4j/jul-to-slf4j/1.7.24/jul-to-slf4j-1.7.24.jar
7fc2e9331000-7fc2e9333000 r--s 00003000 08:05 1442899                    /home/tianyuan/.m2/repository/org/slf4j/jcl-over-slf4j/1.7.24/jcl-over-slf4j-1.7.24.jar
7fc2e9333000-7fc2e9353000 r--s 000e0000 08:05 1442895                    /home/tianyuan/.m2/repository/org/springframework/boot/spring-boot-autoconfigure/1.5.2.RELEASE/spring-boot-autoconfigure-1.5.2.RELEASE.jar
7fc2e9353000-7fc2e9363000 r--s 00094000 08:05 1442893                    /home/tianyuan/.m2/repository/org/springframework/boot/spring-boot/1.5.2.RELEASE/spring-boot-1.5.2.RELEASE.jar
7fc2e9363000-7fc2e9374000 r-xp 00000000 08:05 533860                     /usr/lib/jvm/java-8-oracle/jre/lib/amd64/libnio.so
7fc2e9374000-7fc2e9573000 ---p 00011000 08:05 533860                     /usr/lib/jvm/java-8-oracle/jre/lib/amd64/libnio.so
7fc2e9573000-7fc2e9574000 rw-p 00010000 08:05 533860                     /usr/lib/jvm/java-8-oracle/jre/lib/amd64/libnio.so
7fc2e9574000-7fc2e958a000 r-xp 00000000 08:05 533837                     /usr/lib/jvm/java-8-oracle/jre/lib/amd64/libnet.so
7fc2e958a000-7fc2e978a000 ---p 00016000 08:05 533837                     /usr/lib/jvm/java-8-oracle/jre/lib/amd64/libnet.so
7fc2e978a000-7fc2e978b000 rw-p 00016000 08:05 533837                     /usr/lib/jvm/java-8-oracle/jre/lib/amd64/libnet.so
7fc2e978b000-7fc2e9794000 r-xp 00000000 08:05 533871                     /usr/lib/jvm/java-8-oracle/jre/lib/amd64/libmanagement.so
7fc2e9794000-7fc2e9993000 ---p 00009000 08:05 533871                     /usr/lib/jvm/java-8-oracle/jre/lib/amd64/libmanagement.so
7fc2e9993000-7fc2e9994000 rw-p 00008000 08:05 533871                     /usr/lib/jvm/java-8-oracle/jre/lib/amd64/libmanagement.so
7fc2e9994000-7fc2e9997000 ---p 00000000 00:00 0 
7fc2e9997000-7fc2e9a95000 rw-p 00000000 00:00 0 
7fc2e9a95000-7fc2e9a98000 ---p 00000000 00:00 0 
7fc2e9a98000-7fc2e9b96000 rw-p 00000000 00:00 0 
7fc2e9b96000-7fc2e9b99000 ---p 00000000 00:00 0 
7fc2e9b99000-7fc2e9c97000 rw-p 00000000 00:00 0 
7fc2e9c97000-7fc2e9c9a000 ---p 00000000 00:00 0 
7fc2e9c9a000-7fc2e9d98000 rw-p 00000000 00:00 0 
7fc2e9d98000-7fc2e9d9b000 ---p 00000000 00:00 0 
7fc2e9d9b000-7fc2e9e99000 rw-p 00000000 00:00 0 
7fc2e9e99000-7fc2e9e9c000 ---p 00000000 00:00 0 
7fc2e9e9c000-7fc2e9f9a000 rw-p 00000000 00:00 0 
7fc2e9f9a000-7fc2e9f9d000 ---p 00000000 00:00 0 
7fc2e9f9d000-7fc2ea09b000 rw-p 00000000 00:00 0 
7fc2ea09b000-7fc2ea09f000 r-xp 00000000 08:05 533876                     /usr/lib/jvm/java-8-oracle/jre/lib/amd64/libdt_socket.so
7fc2ea09f000-7fc2ea29e000 ---p 00004000 08:05 533876                     /usr/lib/jvm/java-8-oracle/jre/lib/amd64/libdt_socket.so
7fc2ea29e000-7fc2ea29f000 rw-p 00003000 08:05 533876                     /usr/lib/jvm/java-8-oracle/jre/lib/amd64/libdt_socket.so
7fc2ea29f000-7fc2ea2a2000 ---p 00000000 00:00 0 
7fc2ea2a2000-7fc2ea3a0000 rw-p 00000000 00:00 0 
7fc2ea3a0000-7fc2ea3a3000 ---p 00000000 00:00 0 
7fc2ea3a3000-7fc2ea4a1000 rw-p 00000000 00:00 0 
7fc2ea4a1000-7fc2ea4a4000 ---p 00000000 00:00 0 
7fc2ea4a4000-7fc2ea5a2000 rw-p 00000000 00:00 0 
7fc2ea5a2000-7fc2ea5a3000 ---p 00000000 00:00 0 
7fc2ea5a3000-7fc2ed000000 rw-p 00000000 00:00 0 
7fc2ed000000-7fc2ed4f0000 rwxp 00000000 00:00 0 
7fc2ed4f0000-7fc2fc000000 ---p 00000000 00:00 0 
7fc2fc000000-7fc2fcb93000 rw-p 00000000 00:00 0 
7fc2fcb93000-7fc300000000 ---p 00000000 00:00 0 
7fc300000000-7fc30000b000 r--s 0006a000 08:05 1316209                    /home/tianyuan/.m2/repository/ch/qos/logback/logback-core/1.1.11/logback-core-1.1.11.jar
7fc30000b000-7fc300472000 rw-p 00000000 00:00 0 
7fc300472000-7fc30064a000 r--s 03d1d000 08:05 533751                     /usr/lib/jvm/java-8-oracle/jre/lib/rt.jar
7fc30064a000-7fc3010a1000 rw-p 00000000 00:00 0 
7fc3010a1000-7fc3010a2000 ---p 00000000 00:00 0 
7fc3010a2000-7fc3011a2000 rw-p 00000000 00:00 0 
7fc3011a2000-7fc3011a3000 ---p 00000000 00:00 0 
7fc3011a3000-7fc3012a3000 rw-p 00000000 00:00 0 
7fc3012a3000-7fc3012a4000 ---p 00000000 00:00 0 
7fc3012a4000-7fc3013a4000 rw-p 00000000 00:00 0 
7fc3013a4000-7fc3013a5000 ---p 00000000 00:00 0 
7fc3013a5000-7fc3014ba000 rw-p 00000000 00:00 0 
7fc3014ba000-7fc3015e6000 ---p 00000000 00:00 0 
7fc3015e6000-7fc3015fb000 rw-p 00000000 00:00 0 
7fc3015fb000-7fc301726000 ---p 00000000 00:00 0 
7fc301726000-7fc30174f000 rw-p 00000000 00:00 0 
7fc30174f000-7fc3017c7000 ---p 00000000 00:00 0 
7fc3017c7000-7fc3017dc000 rw-p 00000000 00:00 0 
7fc3017dc000-7fc301b88000 ---p 00000000 00:00 0 
7fc301b88000-7fc301ba2000 r-xp 00000000 08:05 533858                     /usr/lib/jvm/java-8-oracle/jre/lib/amd64/libzip.so
7fc301ba2000-7fc301da2000 ---p 0001a000 08:05 533858                     /usr/lib/jvm/java-8-oracle/jre/lib/amd64/libzip.so
7fc301da2000-7fc301da3000 rw-p 0001a000 08:05 533858                     /usr/lib/jvm/java-8-oracle/jre/lib/amd64/libzip.so
7fc301da3000-7fc301dad000 r-xp 00000000 08:05 528307                     /lib/x86_64-linux-gnu/libnss_files-2.24.so
7fc301dad000-7fc301fad000 ---p 0000a000 08:05 528307                     /lib/x86_64-linux-gnu/libnss_files-2.24.so
7fc301fad000-7fc301fae000 r--p 0000a000 08:05 528307                     /lib/x86_64-linux-gnu/libnss_files-2.24.so
7fc301fae000-7fc301faf000 rw-p 0000b000 08:05 528307                     /lib/x86_64-linux-gnu/libnss_files-2.24.so
7fc301faf000-7fc301fb5000 rw-p 00000000 00:00 0 
7fc301fb5000-7fc301fc0000 r-xp 00000000 08:05 528311                     /lib/x86_64-linux-gnu/libnss_nis-2.24.so
7fc301fc0000-7fc3021bf000 ---p 0000b000 08:05 528311                     /lib/x86_64-linux-gnu/libnss_nis-2.24.so
7fc3021bf000-7fc3021c0000 r--p 0000a000 08:05 528311                     /lib/x86_64-linux-gnu/libnss_nis-2.24.so
7fc3021c0000-7fc3021c1000 rw-p 0000b000 08:05 528311                     /lib/x86_64-linux-gnu/libnss_nis-2.24.so
7fc3021c1000-7fc3021d5000 r-xp 00000000 08:05 528301                     /lib/x86_64-linux-gnu/libnsl-2.24.so
7fc3021d5000-7fc3023d5000 ---p 00014000 08:05 528301                     /lib/x86_64-linux-gnu/libnsl-2.24.so
7fc3023d5000-7fc3023d6000 r--p 00014000 08:05 528301                     /lib/x86_64-linux-gnu/libnsl-2.24.so
7fc3023d6000-7fc3023d7000 rw-p 00015000 08:05 528301                     /lib/x86_64-linux-gnu/libnsl-2.24.so
7fc3023d7000-7fc3023d9000 rw-p 00000000 00:00 0 
7fc3023d9000-7fc3023e0000 r-xp 00000000 08:05 528303                     /lib/x86_64-linux-gnu/libnss_compat-2.24.so
7fc3023e0000-7fc3025df000 ---p 00007000 08:05 528303                     /lib/x86_64-linux-gnu/libnss_compat-2.24.so
7fc3025df000-7fc3025e0000 r--p 00006000 08:05 528303                     /lib/x86_64-linux-gnu/libnss_compat-2.24.so
7fc3025e0000-7fc3025e1000 rw-p 00007000 08:05 528303                     /lib/x86_64-linux-gnu/libnss_compat-2.24.so
7fc3025e1000-7fc302930000 r--p 00000000 08:05 2627278                    /usr/lib/locale/locale-archive
7fc302930000-7fc302932000 r-xp 00000000 08:05 533866                     /usr/lib/jvm/java-8-oracle/jre/lib/amd64/libnpt.so
7fc302932000-7fc302b32000 ---p 00002000 08:05 533866                     /usr/lib/jvm/java-8-oracle/jre/lib/amd64/libnpt.so
7fc302b32000-7fc302b33000 rw-p 00002000 08:05 533866                     /usr/lib/jvm/java-8-oracle/jre/lib/amd64/libnpt.so
7fc302b33000-7fc302b6c000 r-xp 00000000 08:05 533834                     /usr/lib/jvm/java-8-oracle/jre/lib/amd64/libjdwp.so
7fc302b6c000-7fc302d6b000 ---p 00039000 08:05 533834                     /usr/lib/jvm/java-8-oracle/jre/lib/amd64/libjdwp.so
7fc302d6b000-7fc302d6d000 rw-p 00038000 08:05 533834                     /usr/lib/jvm/java-8-oracle/jre/lib/amd64/libjdwp.so
7fc302d6d000-7fc302d97000 r-xp 00000000 08:05 533884                     /usr/lib/jvm/java-8-oracle/jre/lib/amd64/libjava.so
7fc302d97000-7fc302f97000 ---p 0002a000 08:05 533884                     /usr/lib/jvm/java-8-oracle/jre/lib/amd64/libjava.so
7fc302f97000-7fc302f99000 rw-p 0002a000 08:05 533884                     /usr/lib/jvm/java-8-oracle/jre/lib/amd64/libjava.so
7fc302f99000-7fc302fa6000 r-xp 00000000 08:05 533838                     /usr/lib/jvm/java-8-oracle/jre/lib/amd64/libverify.so
7fc302fa6000-7fc3031a6000 ---p 0000d000 08:05 533838                     /usr/lib/jvm/java-8-oracle/jre/lib/amd64/libverify.so
7fc3031a6000-7fc3031a8000 rw-p 0000d000 08:05 533838                     /usr/lib/jvm/java-8-oracle/jre/lib/amd64/libverify.so
7fc3031a8000-7fc3031af000 r-xp 00000000 08:05 528360                     /lib/x86_64-linux-gnu/librt-2.24.so
7fc3031af000-7fc3033ae000 ---p 00007000 08:05 528360                     /lib/x86_64-linux-gnu/librt-2.24.so
7fc3033ae000-7fc3033af000 r--p 00006000 08:05 528360                     /lib/x86_64-linux-gnu/librt-2.24.so
7fc3033af000-7fc3033b0000 rw-p 00007000 08:05 528360                     /lib/x86_64-linux-gnu/librt-2.24.so
7fc3033b0000-7fc3034b3000 r-xp 00000000 08:05 528284                     /lib/x86_64-linux-gnu/libm-2.24.so
7fc3034b3000-7fc3036b2000 ---p 00103000 08:05 528284                     /lib/x86_64-linux-gnu/libm-2.24.so
7fc3036b2000-7fc3036b3000 r--p 00102000 08:05 528284                     /lib/x86_64-linux-gnu/libm-2.24.so
7fc3036b3000-7fc3036b4000 rw-p 00103000 08:05 528284                     /lib/x86_64-linux-gnu/libm-2.24.so
7fc3036b4000-7fc304373000 r-xp 00000000 08:05 533888                     /usr/lib/jvm/java-8-oracle/jre/lib/amd64/server/libjvm.so
7fc304373000-7fc304572000 ---p 00cbf000 08:05 533888                     /usr/lib/jvm/java-8-oracle/jre/lib/amd64/server/libjvm.so
7fc304572000-7fc30464b000 rw-p 00cbe000 08:05 533888                     /usr/lib/jvm/java-8-oracle/jre/lib/amd64/server/libjvm.so
7fc30464b000-7fc304694000 rw-p 00000000 00:00 0 
7fc304694000-7fc304829000 r-xp 00000000 08:05 528212                     /lib/x86_64-linux-gnu/libc-2.24.so
7fc304829000-7fc304a28000 ---p 00195000 08:05 528212                     /lib/x86_64-linux-gnu/libc-2.24.so
7fc304a28000-7fc304a2c000 r--p 00194000 08:05 528212                     /lib/x86_64-linux-gnu/libc-2.24.so
7fc304a2c000-7fc304a2e000 rw-p 00198000 08:05 528212                     /lib/x86_64-linux-gnu/libc-2.24.so
7fc304a2e000-7fc304a32000 rw-p 00000000 00:00 0 
7fc304a32000-7fc304a34000 r-xp 00000000 08:05 528235                     /lib/x86_64-linux-gnu/libdl-2.24.so
7fc304a34000-7fc304c34000 ---p 00002000 08:05 528235                     /lib/x86_64-linux-gnu/libdl-2.24.so
7fc304c34000-7fc304c35000 r--p 00002000 08:05 528235                     /lib/x86_64-linux-gnu/libdl-2.24.so
7fc304c35000-7fc304c36000 rw-p 00003000 08:05 528235                     /lib/x86_64-linux-gnu/libdl-2.24.so
7fc304c36000-7fc304c4b000 r-xp 00000000 08:05 3023989                    /usr/lib/jvm/java-8-oracle/lib/amd64/jli/libjli.so
7fc304c4b000-7fc304e4b000 ---p 00015000 08:05 3023989                    /usr/lib/jvm/java-8-oracle/lib/amd64/jli/libjli.so
7fc304e4b000-7fc304e4c000 rw-p 00015000 08:05 3023989                    /usr/lib/jvm/java-8-oracle/lib/amd64/jli/libjli.so
7fc304e4c000-7fc304e64000 r-xp 00000000 08:05 528350                     /lib/x86_64-linux-gnu/libpthread-2.24.so
7fc304e64000-7fc305063000 ---p 00018000 08:05 528350                     /lib/x86_64-linux-gnu/libpthread-2.24.so
7fc305063000-7fc305064000 r--p 00017000 08:05 528350                     /lib/x86_64-linux-gnu/libpthread-2.24.so
7fc305064000-7fc305065000 rw-p 00018000 08:05 528350                     /lib/x86_64-linux-gnu/libpthread-2.24.so
7fc305065000-7fc305069000 rw-p 00000000 00:00 0 
7fc305069000-7fc30508c000 r-xp 00000000 08:05 528186                     /lib/x86_64-linux-gnu/ld-2.24.so
7fc30508c000-7fc30508d000 r--s 00000000 08:05 1443465                    /home/tianyuan/.m2/repository/org/springframework/boot/spring-boot-starter-tomcat/1.5.2.RELEASE/spring-boot-starter-tomcat-1.5.2.RELEASE.jar
7fc30508d000-7fc305094000 r--s 00045000 08:05 1316207                    /home/tianyuan/.m2/repository/ch/qos/logback/logback-classic/1.1.11/logback-classic-1.1.11.jar
7fc305094000-7fc305166000 rw-p 00000000 00:00 0 
7fc305166000-7fc305169000 ---p 00000000 00:00 0 
7fc305169000-7fc305269000 rw-p 00000000 00:00 0 
7fc305269000-7fc30526a000 r--s 00000000 08:05 1442897                    /home/tianyuan/.m2/repository/org/springframework/boot/spring-boot-starter-logging/1.5.2.RELEASE/spring-boot-starter-logging-1.5.2.RELEASE.jar
7fc30526a000-7fc30526b000 r--s 00000000 08:05 1442891                    /home/tianyuan/.m2/repository/org/springframework/boot/spring-boot-starter/1.5.2.RELEASE/spring-boot-starter-1.5.2.RELEASE.jar
7fc30526b000-7fc30526c000 r--s 00000000 08:05 1317229                    /home/tianyuan/.m2/repository/org/springframework/boot/spring-boot-starter-web/1.5.2.RELEASE/spring-boot-starter-web-1.5.2.RELEASE.jar
7fc30526c000-7fc30527f000 rw-p 00000000 00:00 0 
7fc30527f000-7fc305287000 rw-s 00000000 08:05 3024821                    /tmp/hsperfdata_tianyuan/8580
7fc305287000-7fc305288000 rw-p 00000000 00:00 0 
7fc305288000-7fc305289000 ---p 00000000 00:00 0 
7fc305289000-7fc30528c000 rw-p 00000000 00:00 0 
7fc30528c000-7fc30528d000 r--p 00023000 08:05 528186                     /lib/x86_64-linux-gnu/ld-2.24.so
7fc30528d000-7fc30528e000 rw-p 00024000 08:05 528186                     /lib/x86_64-linux-gnu/ld-2.24.so
7fc30528e000-7fc30528f000 rw-p 00000000 00:00 0 
7ffe1d1e1000-7ffe1d205000 rw-p 00000000 00:00 0                          [stack]
7ffe1d257000-7ffe1d259000 r--p 00000000 00:00 0                          [vvar]
7ffe1d259000-7ffe1d25b000 r-xp 00000000 00:00 0                          [vdso]
ffffffffff600000-ffffffffff601000 r-xp 00000000 00:00 0                  [vsyscall]

VM Arguments:
jvm_args: -agentlib:jdwp=transport=dt_socket,suspend=y,address=localhost:43217 -Dcom.sun.management.jmxremote -Dcom.sun.management.jmxremote.port=35959 -Dcom.sun.management.jmxremote.authenticate=false -Dcom.sun.management.jmxremote.ssl=false -Djava.rmi.server.hostname=localhost -Dspring.liveBeansView.mbeanDomain -Dspring.application.admin.enabled=true -Djava.security.egd=file:/dev/./urandom -Xverify:none -XX:TieredStopAtLevel=1 -Dfile.encoding=UTF-8 -Dawt.useSystemAAFontSettings=gasp 
java_command: com.tianyuan.AppApplication --spring.output.ansi.enabled=always
java_class_path (initial): /home/tianyuan/learn/my-code/account/account-ui/target/classes:/home/tianyuan/.m2/repository/org/springframework/boot/spring-boot-starter-web/1.5.2.RELEASE/spring-boot-starter-web-1.5.2.RELEASE.jar:/home/tianyuan/.m2/repository/org/springframework/boot/spring-boot-starter/1.5.2.RELEASE/spring-boot-starter-1.5.2.RELEASE.jar:/home/tianyuan/.m2/repository/org/springframework/boot/spring-boot/1.5.2.RELEASE/spring-boot-1.5.2.RELEASE.jar:/home/tianyuan/.m2/repository/org/springframework/boot/spring-boot-autoconfigure/1.5.2.RELEASE/spring-boot-autoconfigure-1.5.2.RELEASE.jar:/home/tianyuan/.m2/repository/org/springframework/boot/spring-boot-starter-logging/1.5.2.RELEASE/spring-boot-starter-logging-1.5.2.RELEASE.jar:/home/tianyuan/.m2/repository/ch/qos/logback/logback-classic/1.1.11/logback-classic-1.1.11.jar:/home/tianyuan/.m2/repository/ch/qos/logback/logback-core/1.1.11/logback-core-1.1.11.jar:/home/tianyuan/.m2/repository/org/slf4j/jcl-over-slf4j/1.7.24/jcl-over-slf4j-1.7.24.jar:/home/tianyuan/.m2/repository/org/slf4j/jul-to-slf4j/1.7.24/jul-to-slf4j-1.7.24.jar:/home/tianyuan/.m2/repository/org/slf4j/log4j-over-slf4j/1.7.24/log4j-over-slf4j-1.7.24.jar:/home/tianyuan/.m2/repository/org/yaml/snakeyaml/1.17/snakeyaml-1.17.jar:/home/tianyuan/.m2/repository/org/springframework/boot/spring-boot-starter-tomcat/1.5.2.RELEASE/spring-boot-starter-tomcat-1.5.2.RELEASE.jar:/home/tianyuan/.m2/repository/org/apache/tomcat/embed/tomcat-embed-core/8.5.11/tomcat-embed-core-8.5.11.jar:/home/tianyuan/.m2/repository/org/apache/tomcat/embed/tomcat-embed-el/8.5.11/tomcat-embed-el-8.5.11.jar:/home/tianyuan/.m2/repository/org/apache/tomcat/embed/tomcat-embed-websocket/8.5.11/tomcat-embed-websocket-8.5.11.jar:/home/tianyuan/.m2/repository/org/hibernate/hibernate-validator/5.3.4.Final/hibernate-validator-5.3.4.Final.jar:/home/tianyuan/.m2/repository/javax/validation/validation-api/1.1.0.Final/validation-api-1.1.0.Final.jar:/home/tianyuan/.m2/repository/org/jboss/logg
Launcher Type: SUN_STANDARD

Environment Variables:
_JAVA_OPTIONS=  -Dawt.useSystemAAFontSettings=gasp
PATH=/usr/local/bin:/usr/bin:/bin:/usr/local/games:/usr/games
SHELL=/bin/bash
DISPLAY=:0

Signal Handlers:
SIGSEGV: [libjvm.so+0xabb070], sa_mask[0]=11111111011111111101111111111110, sa_flags=SA_RESTART|SA_SIGINFO
SIGBUS: [libjvm.so+0xabb070], sa_mask[0]=11111111011111111101111111111110, sa_flags=SA_RESTART|SA_SIGINFO
SIGFPE: [libjvm.so+0x918480], sa_mask[0]=11111111011111111101111111111110, sa_flags=SA_RESTART|SA_SIGINFO
SIGPIPE: [libjvm.so+0x918480], sa_mask[0]=11111111011111111101111111111110, sa_flags=SA_RESTART|SA_SIGINFO
SIGXFSZ: [libjvm.so+0x918480], sa_mask[0]=11111111011111111101111111111110, sa_flags=SA_RESTART|SA_SIGINFO
SIGILL: [libjvm.so+0x918480], sa_mask[0]=11111111011111111101111111111110, sa_flags=SA_RESTART|SA_SIGINFO
SIGUSR1: SIG_DFL, sa_mask[0]=00000000000000000000000000000000, sa_flags=none
SIGUSR2: [libjvm.so+0x919ab0], sa_mask[0]=00100000000000000000000000000000, sa_flags=SA_RESTART|SA_SIGINFO
SIGHUP: SIG_IGN, sa_mask[0]=00000000000000000000000000000000, sa_flags=none
SIGINT: [libjvm.so+0x91aeb0], sa_mask[0]=11111111011111111101111111111110, sa_flags=SA_RESTART|SA_SIGINFO
SIGTERM: [libjvm.so+0x91aeb0], sa_mask[0]=11111111011111111101111111111110, sa_flags=SA_RESTART|SA_SIGINFO
SIGQUIT: [libjvm.so+0x91aeb0], sa_mask[0]=11111111011111111101111111111110, sa_flags=SA_RESTART|SA_SIGINFO


---------------  S Y S T E M  ---------------

OS:DISTRIB_ID=Deepin
DISTRIB_RELEASE=15.4.1
DISTRIB_DESCRIPTION="Deepin 15.4.1 "
DISTRIB_CODENAME=unstable

uname:Linux 4.9.0-deepin9-amd64 #1 SMP PREEMPT Deepin 4.9.29-4 (2017-07-17) x86_64
libc:glibc 2.24 NPTL 2.24 
rlimit: STACK 8192k, CORE 0k, NPROC 15094, NOFILE 1048576, AS infinity
load average:3.67 1.72 1.27

/proc/meminfo:
MemTotal:        3938708 kB
MemFree:          101424 kB
MemAvailable:       5136 kB
Buffers:             248 kB
Cached:           245348 kB
SwapCached:         2640 kB
Active:          2994012 kB
Inactive:         605220 kB
Active(anon):    2989064 kB
Inactive(anon):   597864 kB
Active(file):       4948 kB
Inactive(file):     7356 kB
Unevictable:          72 kB
Mlocked:              72 kB
SwapTotal:       4194300 kB
SwapFree:              0 kB
Dirty:               212 kB
Writeback:             0 kB
AnonPages:       3352076 kB
Mapped:            99852 kB
Shmem:            233212 kB
Slab:              83876 kB
SReclaimable:      31628 kB
SUnreclaim:        52248 kB
KernelStack:       21344 kB
PageTables:        78552 kB
NFS_Unstable:          0 kB
Bounce:                0 kB
WritebackTmp:          0 kB
CommitLimit:     6163652 kB
Committed_AS:   15891616 kB
VmallocTotal:   34359738367 kB
VmallocUsed:           0 kB
VmallocChunk:          0 kB
HardwareCorrupted:     0 kB
AnonHugePages:      2048 kB
ShmemHugePages:        0 kB
ShmemPmdMapped:        0 kB
HugePages_Total:       0
HugePages_Free:        0
HugePages_Rsvd:        0
HugePages_Surp:        0
Hugepagesize:       2048 kB
DirectMap4k:      194304 kB
DirectMap2M:     3891200 kB


CPU:total 4 (2 cores per cpu, 2 threads per core) family 6 model 58 stepping 9, cmov, cx8, fxsr, mmx, sse, sse2, sse3, ssse3, sse4.1, sse4.2, popcnt, avx, aes, clmul, erms, ht, tsc, tscinvbit, tscinv

/proc/cpuinfo:
processor	: 0
vendor_id	: GenuineIntel
cpu family	: 6
model		: 58
model name	: Intel(R) Core(TM) i7-3517U CPU @ 1.90GHz
stepping	: 9
microcode	: 0x16
cpu MHz		: 1900.000
cache size	: 4096 KB
physical id	: 0
siblings	: 4
core id		: 0
cpu cores	: 2
apicid		: 0
initial apicid	: 0
fpu		: yes
fpu_exception	: yes
cpuid level	: 13
wp		: yes
flags		: fpu vme de pse tsc msr pae mce cx8 apic sep mtrr pge mca cmov pat pse36 clflush dts acpi mmx fxsr sse sse2 ss ht tm pbe syscall nx rdtscp lm constant_tsc arch_perfmon pebs bts rep_good nopl xtopology nonstop_tsc aperfmperf eagerfpu pni pclmulqdq dtes64 monitor ds_cpl vmx est tm2 ssse3 cx16 xtpr pdcm pcid sse4_1 sse4_2 x2apic popcnt tsc_deadline_timer aes xsave avx f16c rdrand lahf_lm epb tpr_shadow vnmi flexpriority ept vpid fsgsbase smep erms xsaveopt dtherm ida arat pln pts
bugs		:
bogomips	: 4789.16
clflush size	: 64
cache_alignment	: 64
address sizes	: 36 bits physical, 48 bits virtual
power management:

processor	: 1
vendor_id	: GenuineIntel
cpu family	: 6
model		: 58
model name	: Intel(R) Core(TM) i7-3517U CPU @ 1.90GHz
stepping	: 9
microcode	: 0x16
cpu MHz		: 1900.000
cache size	: 4096 KB
physical id	: 0
siblings	: 4
core id		: 1
cpu cores	: 2
apicid		: 2
initial apicid	: 2
fpu		: yes
fpu_exception	: yes
cpuid level	: 13
wp		: yes
flags		: fpu vme de pse tsc msr pae mce cx8 apic sep mtrr pge mca cmov pat pse36 clflush dts acpi mmx fxsr sse sse2 ss ht tm pbe syscall nx rdtscp lm constant_tsc arch_perfmon pebs bts rep_good nopl xtopology nonstop_tsc aperfmperf eagerfpu pni pclmulqdq dtes64 monitor ds_cpl vmx est tm2 ssse3 cx16 xtpr pdcm pcid sse4_1 sse4_2 x2apic popcnt tsc_deadline_timer aes xsave avx f16c rdrand lahf_lm epb tpr_shadow vnmi flexpriority ept vpid fsgsbase smep erms xsaveopt dtherm ida arat pln pts
bugs		:
bogomips	: 4789.16
clflush size	: 64
cache_alignment	: 64
address sizes	: 36 bits physical, 48 bits virtual
power management:

processor	: 2
vendor_id	: GenuineIntel
cpu family	: 6
model		: 58
model name	: Intel(R) Core(TM) i7-3517U CPU @ 1.90GHz
stepping	: 9
microcode	: 0x16
cpu MHz		: 1900.000
cache size	: 4096 KB
physical id	: 0
siblings	: 4
core id		: 0
cpu cores	: 2
apicid		: 1
initial apicid	: 1
fpu		: yes
fpu_exception	: yes
cpuid level	: 13
wp		: yes
flags		: fpu vme de pse tsc msr pae mce cx8 apic sep mtrr pge mca cmov pat pse36 clflush dts acpi mmx fxsr sse sse2 ss ht tm pbe syscall nx rdtscp lm constant_tsc arch_perfmon pebs bts rep_good nopl xtopology nonstop_tsc aperfmperf eagerfpu pni pclmulqdq dtes64 monitor ds_cpl vmx est tm2 ssse3 cx16 xtpr pdcm pcid sse4_1 sse4_2 x2apic popcnt tsc_deadline_timer aes xsave avx f16c rdrand lahf_lm epb tpr_shadow vnmi flexpriority ept vpid fsgsbase smep erms xsaveopt dtherm ida arat pln pts
bugs		:
bogomips	: 4789.16
clflush size	: 64
cache_alignment	: 64
address sizes	: 36 bits physical, 48 bits virtual
power management:

processor	: 3
vendor_id	: GenuineIntel
cpu family	: 6
model		: 58
model name	: Intel(R) Core(TM) i7-3517U CPU @ 1.90GHz
stepping	: 9
microcode	: 0x16
cpu MHz		: 1900.000
cache size	: 4096 KB
physical id	: 0
siblings	: 4
core id		: 1
cpu cores	: 2
apicid		: 3
initial apicid	: 3
fpu		: yes
fpu_exception	: yes
cpuid level	: 13
wp		: yes
flags		: fpu vme de pse tsc msr pae mce cx8 apic sep mtrr pge mca cmov pat pse36 clflush dts acpi mmx fxsr sse sse2 ss ht tm pbe syscall nx rdtscp lm constant_tsc arch_perfmon pebs bts rep_good nopl xtopology nonstop_tsc aperfmperf eagerfpu pni pclmulqdq dtes64 monitor ds_cpl vmx est tm2 ssse3 cx16 xtpr pdcm pcid sse4_1 sse4_2 x2apic popcnt tsc_deadline_timer aes xsave avx f16c rdrand lahf_lm epb tpr_shadow vnmi flexpriority ept vpid fsgsbase smep erms xsaveopt dtherm ida arat pln pts
bugs		:
bogomips	: 4789.16
clflush size	: 64
cache_alignment	: 64
address sizes	: 36 bits physical, 48 bits virtual
power management:



Memory: 4k page, physical 3938708k(103016k free), swap 4194300k(0k free)

vm_info: Java HotSpot(TM) 64-Bit Server VM (25.74-b02) for linux-amd64 JRE (1.8.0_74-b02), built on Jan 29 2016 19:20:56 by "java_re" with gcc 4.3.0 20080428 (Red Hat 4.3.0-8)

time: Sun Aug 13 01:01:18 2017
elapsed time: 12 seconds (0d 0h 0m 12s)

